[01m[K/home/user/ros2_teaching/src/homework/src/client.cpp:[m[K In member function â€˜[01m[Kvoid client::timer_callback()[m[Kâ€™:
[01m[K/home/user/ros2_teaching/src/homework/src/client.cpp:31:28:[m[K [01;31m[Kerror: [m[Kâ€˜[01m[Kresponse_callback[m[Kâ€™ is not a member of â€˜[01m[Kclient[m[Kâ€™
   31 |         std::bind(&client::[01;31m[Kresponse_callback[m[K, this, std::placeholders::_1)
      |                            [01;31m[K^~~~~~~~~~~~~~~~~[m[K
[01m[K/home/user/ros2_teaching/src/homework/src/client.cpp:[m[K At global scope:
[01m[K/home/user/ros2_teaching/src/homework/src/client.cpp:38:6:[m[K [01;31m[Kerror: [m[Kno declaration matches â€˜[01m[Kvoid client::response_callback(rclcpp::Client<interfaces::srv::Distance>::SharedFuture)[m[Kâ€™
   38 | void [01;31m[Kclient[m[K::response_callback(
      |      [01;31m[K^~~~~~[m[K
[01m[K/home/user/ros2_teaching/src/homework/src/client.cpp:38:6:[m[K [01;36m[Knote: [m[Kno functions named â€˜[01m[Kvoid client::response_callback(rclcpp::Client<interfaces::srv::Distance>::SharedFuture)[m[Kâ€™
In file included from [01m[K/home/user/ros2_teaching/src/homework/src/client.cpp:1[m[K:
[01m[K/home/user/ros2_teaching/src/homework/include/homework/service_hw.h:29:7:[m[K [01;36m[Knote: [m[Kâ€˜[01m[Kclass client[m[Kâ€™ defined here
   29 | class [01;36m[Kclient[m[K : public rclcpp::Node{
      |       [01;36m[K^~~~~~[m[K
gmake[2]: *** [CMakeFiles/Client.dir/build.make:76: CMakeFiles/Client.dir/src/client.cpp.o] Error 1
gmake[1]: *** [CMakeFiles/Makefile2:221: CMakeFiles/Client.dir/all] Error 2
gmake: *** [Makefile:146: all] Error 2
