[0.011s] Invoking command in '/home/user/ros2_teaching/build/homework': CMAKE_PREFIX_PATH=${CMAKE_PREFIX_PATH}:/opt/ros/humble /usr/bin/cmake --build /home/user/ros2_teaching/build/homework -- -j8 -l8
[0.050s] [35m[1mConsolidate compiler generated dependencies of target Client[0m
[0.061s] [ 25%] Built target Service
[0.061s] [ 75%] Built target Subscriber
[0.061s] [ 75%] Built target Publisher
[0.064s] [ 87%] [32mBuilding CXX object CMakeFiles/Client.dir/src/client.cpp.o[0m
[1.991s] [01m[K/home/user/ros2_teaching/src/homework/src/client.cpp:[m[K In member function â€˜[01m[Kvoid client::timer_callback()[m[Kâ€™:
[1.991s] [01m[K/home/user/ros2_teaching/src/homework/src/client.cpp:31:43:[m[K [01;31m[Kerror: [m[Kno matching function for call to â€˜[01m[Kspin_until_future_complete(client*, rclcpp::Client<interfaces::srv::Distance>::FutureAndRequestId&)[m[Kâ€™
[1.991s]    31 |     if ([01;31m[Krclcpp::spin_until_future_complete(this, result)[m[K == rclcpp::FutureReturnCode::SUCCESS)
[1.991s]       |         [01;31m[K~~~~~~~~~~~~~~~~~~~~~~~~~~~~~~~~~~^~~~~~~~~~~~~~[m[K
[1.992s] In file included from [01m[K/opt/ros/humble/include/rclcpp/rclcpp/rclcpp.hpp:155[m[K,
[1.992s]                  from [01m[K/home/user/ros2_teaching/src/homework/include/homework/service_hw.h:2[m[K,
[1.992s]                  from [01m[K/home/user/ros2_teaching/src/homework/src/client.cpp:1[m[K:
[1.992s] [01m[K/opt/ros/humble/include/rclcpp/rclcpp/executors.hpp:105:1:[m[K [01;36m[Knote: [m[Kcandidate: â€˜[01m[Ktemplate<class FutureT, class TimeRepT, class TimeT> rclcpp::FutureReturnCode rclcpp::spin_until_future_complete(rclcpp::node_interfaces::NodeBaseInterface::SharedPtr, const FutureT&, std::chrono::duration<_Rep, _Period>)[m[Kâ€™
[1.992s]   105 | [01;36m[Kspin_until_future_complete[m[K(
[1.992s]       | [01;36m[K^~~~~~~~~~~~~~~~~~~~~~~~~~[m[K
[1.992s] [01m[K/opt/ros/humble/include/rclcpp/rclcpp/executors.hpp:105:1:[m[K [01;36m[Knote: [m[K  template argument deduction/substitution failed:
[1.992s] [01m[K/home/user/ros2_teaching/src/homework/src/client.cpp:31:44:[m[K [01;36m[Knote: [m[K  cannot convert â€˜[01m[K(client*)this[m[Kâ€™ (type â€˜[01m[Kclient*[m[Kâ€™) to type â€˜[01m[Krclcpp::node_interfaces::NodeBaseInterface::SharedPtr[m[Kâ€™ {aka â€˜[01m[Kstd::shared_ptr<rclcpp::node_interfaces::NodeBaseInterface>[m[Kâ€™}
[1.992s]    31 |     if (rclcpp::spin_until_future_complete([01;36m[Kthis[m[K, result) == rclcpp::FutureReturnCode::SUCCESS)
[1.992s]       |                                            [01;36m[K^~~~[m[K
[1.992s] In file included from [01m[K/opt/ros/humble/include/rclcpp/rclcpp/rclcpp.hpp:155[m[K,
[1.992s]                  from [01m[K/home/user/ros2_teaching/src/homework/include/homework/service_hw.h:2[m[K,
[1.992s]                  from [01m[K/home/user/ros2_teaching/src/homework/src/client.cpp:1[m[K:
[1.992s] [01m[K/opt/ros/humble/include/rclcpp/rclcpp/executors.hpp:119:1:[m[K [01;36m[Knote: [m[Kcandidate: â€˜[01m[Ktemplate<class NodeT, class FutureT, class TimeRepT, class TimeT> rclcpp::FutureReturnCode rclcpp::spin_until_future_complete(std::shared_ptr<_Tp>, const FutureT&, std::chrono::duration<_Rep2, _Period2>)[m[Kâ€™
[1.992s]   119 | [01;36m[Kspin_until_future_complete[m[K(
[1.992s]       | [01;36m[K^~~~~~~~~~~~~~~~~~~~~~~~~~[m[K
[1.992s] [01m[K/opt/ros/humble/include/rclcpp/rclcpp/executors.hpp:119:1:[m[K [01;36m[Knote: [m[K  template argument deduction/substitution failed:
[1.992s] [01m[K/home/user/ros2_teaching/src/homework/src/client.cpp:31:43:[m[K [01;36m[Knote: [m[K  mismatched types â€˜[01m[Kstd::shared_ptr<_Tp>[m[Kâ€™ and â€˜[01m[Kclient*[m[Kâ€™
[1.992s]    31 |     if ([01;36m[Krclcpp::spin_until_future_complete(this, result)[m[K == rclcpp::FutureReturnCode::SUCCESS)
[1.992s]       |         [01;36m[K~~~~~~~~~~~~~~~~~~~~~~~~~~~~~~~~~~^~~~~~~~~~~~~~[m[K
[2.508s] gmake[2]: *** [CMakeFiles/Client.dir/build.make:76: CMakeFiles/Client.dir/src/client.cpp.o] Error 1
[2.508s] gmake[1]: *** [CMakeFiles/Makefile2:221: CMakeFiles/Client.dir/all] Error 2
[2.508s] gmake: *** [Makefile:146: all] Error 2
[2.510s] Invoked command in '/home/user/ros2_teaching/build/homework' returned '2': CMAKE_PREFIX_PATH=${CMAKE_PREFIX_PATH}:/opt/ros/humble /usr/bin/cmake --build /home/user/ros2_teaching/build/homework -- -j8 -l8
