-- Found ament_cmake: 1.3.11 (/opt/ros/humble/share/ament_cmake/cmake)
-- Found std_msgs: 4.9.0 (/opt/ros/humble/share/std_msgs/cmake)
-- Found rosidl_generator_c: 3.1.6 (/opt/ros/humble/share/rosidl_generator_c/cmake)
-- Found rosidl_adapter: 3.1.6 (/opt/ros/humble/share/rosidl_adapter/cmake)
-- Found rosidl_generator_cpp: 3.1.6 (/opt/ros/humble/share/rosidl_generator_cpp/cmake)
-- Using all available rosidl_typesupport_c: rosidl_typesupport_fastrtps_c;rosidl_typesupport_introspection_c
-- Using all available rosidl_typesupport_cpp: rosidl_typesupport_fastrtps_cpp;rosidl_typesupport_introspection_cpp
-- Found geometry_msgs: 4.9.0 (/opt/ros/humble/share/geometry_msgs/cmake)
-- Found rclcpp: 16.0.12 (/opt/ros/humble/share/rclcpp/cmake)
-- Found rmw_implementation_cmake: 6.1.2 (/opt/ros/humble/share/rmw_implementation_cmake/cmake)
-- Found rmw_fastrtps_cpp: 6.2.7 (/opt/ros/humble/share/rmw_fastrtps_cpp/cmake)
-- Using RMW implementation 'rmw_fastrtps_cpp' as default
-- Found interfaces: 0.0.0 (/home/user/ros2_teaching/install/interfaces/share/interfaces/cmake)
-- Found ament_lint_auto: 0.12.12 (/opt/ros/humble/share/ament_lint_auto/cmake)
-- Added test 'cppcheck' to perform static code analysis on C / C++ code
-- Configured cppcheck include dirs: /home/user/ros2_teaching/src/homework/include
-- Configured cppcheck exclude dirs and/or files: 
-- Added test 'lint_cmake' to check CMake code style
-- Added test 'uncrustify' to check C / C++ code style
-- Configured uncrustify additional arguments: 
-- Added test 'xmllint' to check XML markup files
-- Configuring done
-- Generating done
-- Build files have been written to: /home/user/ros2_teaching/build/homework
[35m[1mConsolidate compiler generated dependencies of target Subscriber[0m
[35m[1mConsolidate compiler generated dependencies of target Client[0m
[35m[1mConsolidate compiler generated dependencies of target Publisher[0m
[ 12%] [32mBuilding CXX object CMakeFiles/Server.dir/src/server.cpp.o[0m
[ 37%] Built target Subscriber
[ 62%] [32mBuilding CXX object CMakeFiles/Client.dir/src/client.cpp.o[0m
[ 75%] Built target Publisher
In file included from [01m[K/home/user/ros2_teaching/src/homework/src/server.cpp:1[m[K:
[01m[K/home/user/ros2_teaching/src/homework/include/homework/service_hw.h:36:10:[m[K [01;31m[Kerror: [m[Kextra qualification â€˜[01m[Kclient::[m[Kâ€™ on member â€˜[01m[Kresponse_callback[m[Kâ€™ [[01;31m[K]8;;https://gcc.gnu.org/onlinedocs/gcc/Warning-Options.html#index-fpermissive-fpermissive]8;;[m[K]
   36 |     void [01;31m[Kclient[m[K::response_callback(rclcpp::Client<interfaces::srv::Distance>::SharedFuture future);
      |          [01;31m[K^~~~~~[m[K
In file included from [01m[K/home/user/ros2_teaching/src/homework/src/client.cpp:1[m[K:
[01m[K/home/user/ros2_teaching/src/homework/include/homework/service_hw.h:36:10:[m[K [01;31m[Kerror: [m[Kextra qualification â€˜[01m[Kclient::[m[Kâ€™ on member â€˜[01m[Kresponse_callback[m[Kâ€™ [[01;31m[K]8;;https://gcc.gnu.org/onlinedocs/gcc/Warning-Options.html#index-fpermissive-fpermissive]8;;[m[K]
   36 |     void [01;31m[Kclient[m[K::response_callback(rclcpp::Client<interfaces::srv::Distance>::SharedFuture future);
      |          [01;31m[K^~~~~~[m[K
gmake[2]: *** [CMakeFiles/Server.dir/build.make:76: CMakeFiles/Server.dir/src/server.cpp.o] Error 1
gmake[1]: *** [CMakeFiles/Makefile2:195: CMakeFiles/Server.dir/all] Error 2
gmake[1]: *** Waiting for unfinished jobs....
gmake[2]: *** [CMakeFiles/Client.dir/build.make:76: CMakeFiles/Client.dir/src/client.cpp.o] Error 1
gmake[1]: *** [CMakeFiles/Makefile2:221: CMakeFiles/Client.dir/all] Error 2
gmake: *** [Makefile:146: all] Error 2
