[0.010s] Invoking command in '/home/user/ros2_teaching/build/homework': CMAKE_PREFIX_PATH=/home/user/ros2_teaching/install/interfaces:/home/user/ros2_teaching/install/homework:/opt/ros/humble /usr/bin/cmake --build /home/user/ros2_teaching/build/homework -- -j8 -l8
[0.036s] -- Found ament_cmake: 1.3.11 (/opt/ros/humble/share/ament_cmake/cmake)
[0.137s] -- Found std_msgs: 4.9.0 (/opt/ros/humble/share/std_msgs/cmake)
[0.155s] -- Found rosidl_generator_c: 3.1.6 (/opt/ros/humble/share/rosidl_generator_c/cmake)
[0.157s] -- Found rosidl_adapter: 3.1.6 (/opt/ros/humble/share/rosidl_adapter/cmake)
[0.161s] -- Found rosidl_generator_cpp: 3.1.6 (/opt/ros/humble/share/rosidl_generator_cpp/cmake)
[0.169s] -- Using all available rosidl_typesupport_c: rosidl_typesupport_fastrtps_c;rosidl_typesupport_introspection_c
[0.178s] -- Using all available rosidl_typesupport_cpp: rosidl_typesupport_fastrtps_cpp;rosidl_typesupport_introspection_cpp
[0.194s] -- Found geometry_msgs: 4.9.0 (/opt/ros/humble/share/geometry_msgs/cmake)
[0.203s] -- Found rclcpp: 16.0.12 (/opt/ros/humble/share/rclcpp/cmake)
[0.227s] -- Found rmw_implementation_cmake: 6.1.2 (/opt/ros/humble/share/rmw_implementation_cmake/cmake)
[0.228s] -- Found rmw_fastrtps_cpp: 6.2.7 (/opt/ros/humble/share/rmw_fastrtps_cpp/cmake)
[0.328s] -- Using RMW implementation 'rmw_fastrtps_cpp' as default
[0.355s] -- Found interfaces: 0.0.0 (/home/user/ros2_teaching/install/interfaces/share/interfaces/cmake)
[0.371s] -- Found ament_lint_auto: 0.12.12 (/opt/ros/humble/share/ament_lint_auto/cmake)
[0.429s] -- Added test 'cppcheck' to perform static code analysis on C / C++ code
[0.429s] -- Configured cppcheck include dirs: /home/user/ros2_teaching/src/homework/include
[0.429s] -- Configured cppcheck exclude dirs and/or files: 
[0.429s] -- Added test 'lint_cmake' to check CMake code style
[0.430s] -- Added test 'uncrustify' to check C / C++ code style
[0.430s] -- Configured uncrustify additional arguments: 
[0.430s] -- Added test 'xmllint' to check XML markup files
[0.431s] -- Configuring done
[0.447s] -- Generating done
[0.453s] -- Build files have been written to: /home/user/ros2_teaching/build/homework
[0.481s] [35m[1mConsolidate compiler generated dependencies of target Subscriber[0m
[0.481s] [35m[1mConsolidate compiler generated dependencies of target Client[0m
[0.482s] [35m[1mConsolidate compiler generated dependencies of target Publisher[0m
[0.494s] [ 12%] [32mBuilding CXX object CMakeFiles/Server.dir/src/server.cpp.o[0m
[0.500s] [ 37%] Built target Subscriber
[0.500s] [ 62%] [32mBuilding CXX object CMakeFiles/Client.dir/src/client.cpp.o[0m
[0.500s] [ 75%] Built target Publisher
[3.099s] In file included from [01m[K/home/user/ros2_teaching/src/homework/src/server.cpp:1[m[K:
[3.099s] [01m[K/home/user/ros2_teaching/src/homework/include/homework/service_hw.h:36:10:[m[K [01;31m[Kerror: [m[Kextra qualification â€˜[01m[Kclient::[m[Kâ€™ on member â€˜[01m[Kresponse_callback[m[Kâ€™ [[01;31m[K]8;;https://gcc.gnu.org/onlinedocs/gcc/Warning-Options.html#index-fpermissive-fpermissive]8;;[m[K]
[3.099s]    36 |     void [01;31m[Kclient[m[K::response_callback(rclcpp::Client<interfaces::srv::Distance>::SharedFuture future);
[3.099s]       |          [01;31m[K^~~~~~[m[K
[3.106s] In file included from [01m[K/home/user/ros2_teaching/src/homework/src/client.cpp:1[m[K:
[3.106s] [01m[K/home/user/ros2_teaching/src/homework/include/homework/service_hw.h:36:10:[m[K [01;31m[Kerror: [m[Kextra qualification â€˜[01m[Kclient::[m[Kâ€™ on member â€˜[01m[Kresponse_callback[m[Kâ€™ [[01;31m[K]8;;https://gcc.gnu.org/onlinedocs/gcc/Warning-Options.html#index-fpermissive-fpermissive]8;;[m[K]
[3.107s]    36 |     void [01;31m[Kclient[m[K::response_callback(rclcpp::Client<interfaces::srv::Distance>::SharedFuture future);
[3.107s]       |          [01;31m[K^~~~~~[m[K
[3.690s] gmake[2]: *** [CMakeFiles/Server.dir/build.make:76: CMakeFiles/Server.dir/src/server.cpp.o] Error 1
[3.690s] gmake[1]: *** [CMakeFiles/Makefile2:195: CMakeFiles/Server.dir/all] Error 2
[3.690s] gmake[1]: *** Waiting for unfinished jobs....
[3.740s] gmake[2]: *** [CMakeFiles/Client.dir/build.make:76: CMakeFiles/Client.dir/src/client.cpp.o] Error 1
[3.740s] gmake[1]: *** [CMakeFiles/Makefile2:221: CMakeFiles/Client.dir/all] Error 2
[3.740s] gmake: *** [Makefile:146: all] Error 2
[3.742s] Invoked command in '/home/user/ros2_teaching/build/homework' returned '2': CMAKE_PREFIX_PATH=/home/user/ros2_teaching/install/interfaces:/home/user/ros2_teaching/install/homework:/opt/ros/humble /usr/bin/cmake --build /home/user/ros2_teaching/build/homework -- -j8 -l8
