[35m[1mConsolidate compiler generated dependencies of target Publisher[0m
[ 25%] [32mBuilding CXX object CMakeFiles/Subscriber.dir/src/subscription.cpp.o[0m
[ 50%] [32mBuilding CXX object CMakeFiles/Publisher.dir/src/publisher.cpp.o[0m
[01m[K/home/user/ros2_teaching/src/homework/src/publisher.cpp:[m[K In constructor â€˜[01m[Kpub::pub()[m[Kâ€™:
[01m[K/home/user/ros2_teaching/src/homework/src/publisher.cpp:6:38:[m[K [01;31m[Kerror: [m[Kunable to find numeric literal operator â€˜[01m[Koperator""s[m[Kâ€™
    6 |     timer_ = this->create_wall_timer([01;31m[K500s[m[K, std::bind(&pub::timer_callback, this));
      |                                      [01;31m[K^~~~[m[K
gmake[2]: *** [CMakeFiles/Publisher.dir/build.make:76: CMakeFiles/Publisher.dir/src/publisher.cpp.o] Error 1
gmake[1]: *** [CMakeFiles/Makefile2:139: CMakeFiles/Publisher.dir/all] Error 2
gmake[1]: *** Waiting for unfinished jobs....
[ 75%] [32m[1mLinking CXX executable Subscriber[0m
[ 75%] Built target Subscriber
gmake: *** [Makefile:146: all] Error 2
