[0.009s] Invoking command in '/home/user/ros2_teaching/build/homework': CMAKE_PREFIX_PATH=/opt/ros/humble /usr/bin/cmake --build /home/user/ros2_teaching/build/homework -- -j8 -l8
[0.047s] [35m[1mConsolidate compiler generated dependencies of target Publisher[0m
[0.057s] [ 25%] [32mBuilding CXX object CMakeFiles/Subscriber.dir/src/subscription.cpp.o[0m
[0.060s] [ 50%] [32mBuilding CXX object CMakeFiles/Publisher.dir/src/publisher.cpp.o[0m
[2.197s] [01m[K/home/user/ros2_teaching/src/homework/src/publisher.cpp:[m[K In constructor â€˜[01m[Kpub::pub()[m[Kâ€™:
[2.197s] [01m[K/home/user/ros2_teaching/src/homework/src/publisher.cpp:6:38:[m[K [01;31m[Kerror: [m[Kunable to find numeric literal operator â€˜[01m[Koperator""s[m[Kâ€™
[2.198s]     6 |     timer_ = this->create_wall_timer([01;31m[K500s[m[K, std::bind(&pub::timer_callback, this));
[2.198s]       |                                      [01;31m[K^~~~[m[K
[2.951s] gmake[2]: *** [CMakeFiles/Publisher.dir/build.make:76: CMakeFiles/Publisher.dir/src/publisher.cpp.o] Error 1
[2.951s] gmake[1]: *** [CMakeFiles/Makefile2:139: CMakeFiles/Publisher.dir/all] Error 2
[2.951s] gmake[1]: *** Waiting for unfinished jobs....
[6.859s] [ 75%] [32m[1mLinking CXX executable Subscriber[0m
[7.186s] [ 75%] Built target Subscriber
[7.187s] gmake: *** [Makefile:146: all] Error 2
[7.189s] Invoked command in '/home/user/ros2_teaching/build/homework' returned '2': CMAKE_PREFIX_PATH=/opt/ros/humble /usr/bin/cmake --build /home/user/ros2_teaching/build/homework -- -j8 -l8
