-- The C compiler identification is GNU 11.4.0
-- The CXX compiler identification is GNU 11.4.0
-- Detecting C compiler ABI info
-- Detecting C compiler ABI info - done
-- Check for working C compiler: /usr/bin/cc - skipped
-- Detecting C compile features
-- Detecting C compile features - done
-- Detecting CXX compiler ABI info
-- Detecting CXX compiler ABI info - done
-- Check for working CXX compiler: /usr/bin/c++ - skipped
-- Detecting CXX compile features
-- Detecting CXX compile features - done
-- Found ament_cmake: 1.3.11 (/opt/ros/humble/share/ament_cmake/cmake)
-- Found Python3: /usr/bin/python3 (found version "3.10.12") found components: Interpreter 
-- Found std_msgs: 4.9.0 (/opt/ros/humble/share/std_msgs/cmake)
-- Found rosidl_generator_c: 3.1.6 (/opt/ros/humble/share/rosidl_generator_c/cmake)
-- Found rosidl_adapter: 3.1.6 (/opt/ros/humble/share/rosidl_adapter/cmake)
-- Found rosidl_generator_cpp: 3.1.6 (/opt/ros/humble/share/rosidl_generator_cpp/cmake)
-- Using all available rosidl_typesupport_c: rosidl_typesupport_fastrtps_c;rosidl_typesupport_introspection_c
-- Using all available rosidl_typesupport_cpp: rosidl_typesupport_fastrtps_cpp;rosidl_typesupport_introspection_cpp
-- Found geometry_msgs: 4.9.0 (/opt/ros/humble/share/geometry_msgs/cmake)
-- Found rclcpp: 16.0.12 (/opt/ros/humble/share/rclcpp/cmake)
-- Found rmw_implementation_cmake: 6.1.2 (/opt/ros/humble/share/rmw_implementation_cmake/cmake)
-- Found rmw_fastrtps_cpp: 6.2.7 (/opt/ros/humble/share/rmw_fastrtps_cpp/cmake)
-- Found OpenSSL: /usr/lib/x86_64-linux-gnu/libcrypto.so (found version "3.0.2")  
-- Found FastRTPS: /opt/ros/humble/include  
-- Using RMW implementation 'rmw_fastrtps_cpp' as default
-- Looking for pthread.h
-- Looking for pthread.h - found
-- Performing Test CMAKE_HAVE_LIBC_PTHREAD
-- Performing Test CMAKE_HAVE_LIBC_PTHREAD - Success
-- Found Threads: TRUE  
-- Found ament_lint_auto: 0.12.12 (/opt/ros/humble/share/ament_lint_auto/cmake)
-- Added test 'cppcheck' to perform static code analysis on C / C++ code
-- Configured cppcheck include dirs: /home/user/ros2_teaching/src/homework/include
-- Configured cppcheck exclude dirs and/or files: 
-- Added test 'lint_cmake' to check CMake code style
-- Added test 'uncrustify' to check C / C++ code style
-- Configured uncrustify additional arguments: 
-- Added test 'xmllint' to check XML markup files
-- Configuring done
-- Generating done
-- Build files have been written to: /home/user/ros2_teaching/build/homework
[ 50%] [32mBuilding CXX object CMakeFiles/Subscriber.dir/src/subscription.cpp.o[0m
[ 50%] [32mBuilding CXX object CMakeFiles/Publisher.dir/src/publisher.cpp.o[0m
In file included from [01m[K/home/user/ros2_teaching/src/homework/src/publisher.cpp:1[m[K:
[01m[K/home/user/ros2_teaching/src/homework/include/homework/topic_hw.h:33:59:[m[K [01;31m[Kerror: [m[Kfield â€˜[01m[Krclcpp::Subscription<std_msgs::msg::Int64_<std::allocator<void> > >::SharedPtr subscription::subscription[m[Kâ€™ with same name as class [[01;31m[K]8;;https://gcc.gnu.org/onlinedocs/gcc/Warning-Options.html#index-fpermissive-fpermissive]8;;[m[K]
   33 |     rclcpp::Subscription<std_msgs::msg::Int64>::SharedPtr [01;31m[Ksubscription[m[K;
      |                                                           [01;31m[K^~~~~~~~~~~~[m[K
[01m[K/home/user/ros2_teaching/src/homework/src/publisher.cpp:[m[K In constructor â€˜[01m[Kpublisher::publisher()[m[Kâ€™:
[01m[K/home/user/ros2_teaching/src/homework/src/publisher.cpp:6:38:[m[K [01;31m[Kerror: [m[Kunable to find numeric literal operator â€˜[01m[Koperator""ms[m[Kâ€™
    6 |     timer_ = this->create_wall_timer([01;31m[K500ms[m[K, std::bind(&Publisher::timer_callback, this));
      |                                      [01;31m[K^~~~~[m[K
[01m[K/home/user/ros2_teaching/src/homework/src/publisher.cpp:6:56:[m[K [01;31m[Kerror: [m[Kâ€˜[01m[KPublisher[m[Kâ€™ has not been declared
    6 |     timer_ = this->create_wall_timer(500ms, std::bind(&[01;31m[KPublisher[m[K::timer_callback, this));
      |                                                        [01;31m[K^~~~~~~~~[m[K
[01m[K/home/user/ros2_teaching/src/homework/src/publisher.cpp:[m[K In function â€˜[01m[Kint main(int, char**)[m[Kâ€™:
[01m[K/home/user/ros2_teaching/src/homework/src/publisher.cpp:20:33:[m[K [01;31m[Kerror: [m[Kâ€˜[01m[KPublisher[m[Kâ€™ was not declared in this scope
   20 |   rclcpp::spin(std::make_shared<[01;31m[KPublisher[m[K>());
      |                                 [01;31m[K^~~~~~~~~[m[K
[01m[K/home/user/ros2_teaching/src/homework/src/publisher.cpp:20:33:[m[K [01;36m[Knote: [m[Ksuggested alternatives:
In file included from [01m[K/opt/ros/humble/include/rclcpp/rclcpp/topic_statistics/subscription_topic_statistics.hpp:31[m[K,
                 from [01m[K/opt/ros/humble/include/rclcpp/rclcpp/subscription.hpp:50[m[K,
                 from [01m[K/opt/ros/humble/include/rclcpp/rclcpp/any_executable.hpp:25[m[K,
                 from [01m[K/opt/ros/humble/include/rclcpp/rclcpp/memory_strategy.hpp:25[m[K,
                 from [01m[K/opt/ros/humble/include/rclcpp/rclcpp/memory_strategies.hpp:18[m[K,
                 from [01m[K/opt/ros/humble/include/rclcpp/rclcpp/executor_options.hpp:20[m[K,
                 from [01m[K/opt/ros/humble/include/rclcpp/rclcpp/executor.hpp:37[m[K,
                 from [01m[K/opt/ros/humble/include/rclcpp/rclcpp/executors/multi_threaded_executor.hpp:25[m[K,
                 from [01m[K/opt/ros/humble/include/rclcpp/rclcpp/executors.hpp:21[m[K,
                 from [01m[K/opt/ros/humble/include/rclcpp/rclcpp/rclcpp.hpp:155[m[K,
                 from [01m[K/home/user/ros2_teaching/src/homework/include/homework/topic_hw.h:2[m[K,
                 from [01m[K/home/user/ros2_teaching/src/homework/src/publisher.cpp:1[m[K:
[01m[K/opt/ros/humble/include/rclcpp/rclcpp/publisher.hpp:77:7:[m[K [01;36m[Knote: [m[K  â€˜[01m[Krclcpp::Publisher[m[Kâ€™
   77 | class [01;36m[KPublisher[m[K : public PublisherBase
      |       [01;36m[K^~~~~~~~~[m[K
In file included from [01m[K/opt/ros/humble/include/rclcpp/rclcpp/client.hpp:42[m[K,
                 from [01m[K/opt/ros/humble/include/rclcpp/rclcpp/callback_group.hpp:24[m[K,
                 from [01m[K/opt/ros/humble/include/rclcpp/rclcpp/any_executable.hpp:20[m[K,
                 from [01m[K/opt/ros/humble/include/rclcpp/rclcpp/memory_strategy.hpp:25[m[K,
                 from [01m[K/opt/ros/humble/include/rclcpp/rclcpp/memory_strategies.hpp:18[m[K,
                 from [01m[K/opt/ros/humble/include/rclcpp/rclcpp/executor_options.hpp:20[m[K,
                 from [01m[K/opt/ros/humble/include/rclcpp/rclcpp/executor.hpp:37[m[K,
                 from [01m[K/opt/ros/humble/include/rclcpp/rclcpp/executors/multi_threaded_executor.hpp:25[m[K,
                 from [01m[K/opt/ros/humble/include/rclcpp/rclcpp/executors.hpp:21[m[K,
                 from [01m[K/opt/ros/humble/include/rclcpp/rclcpp/rclcpp.hpp:155[m[K,
                 from [01m[K/home/user/ros2_teaching/src/homework/include/homework/topic_hw.h:2[m[K,
                 from [01m[K/home/user/ros2_teaching/src/homework/src/publisher.cpp:1[m[K:
[01m[K/opt/ros/humble/include/rclcpp/rclcpp/node_interfaces/node_graph_interface.hpp:41:3:[m[K [01;36m[Knote: [m[K  â€˜[01m[Krclcpp::EndpointType::Publisher[m[Kâ€™
   41 |   [01;36m[KPublisher[m[K = RMW_ENDPOINT_PUBLISHER,
      |   [01;36m[K^~~~~~~~~[m[K
[01m[K/home/user/ros2_teaching/src/homework/src/publisher.cpp:20:43:[m[K [01;31m[Kerror: [m[Kno matching function for call to â€˜[01m[Kmake_shared<<expression error> >()[m[Kâ€™
   20 |   rclcpp::spin([01;31m[Kstd::make_shared<Publisher>()[m[K);
      |                [01;31m[K~~~~~~~~~~~~~~~~~~~~~~~~~~~^~[m[K
In file included from [01m[K/usr/include/c++/11/memory:77[m[K,
                 from [01m[K/opt/ros/humble/include/rclcpp/rclcpp/rclcpp.hpp:153[m[K,
                 from [01m[K/home/user/ros2_teaching/src/homework/include/homework/topic_hw.h:2[m[K,
                 from [01m[K/home/user/ros2_teaching/src/homework/src/publisher.cpp:1[m[K:
[01m[K/usr/include/c++/11/bits/shared_ptr.h:875:5:[m[K [01;36m[Knote: [m[Kcandidate: â€˜[01m[Ktemplate<class _Tp, class ... _Args> std::shared_ptr<_Tp> std::make_shared(_Args&& ...)[m[Kâ€™
  875 |     [01;36m[Kmake_shared[m[K(_Args&&... __args)
      |     [01;36m[K^~~~~~~~~~~[m[K
[01m[K/usr/include/c++/11/bits/shared_ptr.h:875:5:[m[K [01;36m[Knote: [m[K  template argument deduction/substitution failed:
[01m[K/home/user/ros2_teaching/src/homework/src/publisher.cpp:20:43:[m[K [01;31m[Kerror: [m[Ktemplate argument 1 is invalid
   20 |   rclcpp::spin([01;31m[Kstd::make_shared<Publisher>()[m[K);
      |                [01;31m[K~~~~~~~~~~~~~~~~~~~~~~~~~~~^~[m[K
In file included from [01m[K/home/user/ros2_teaching/src/homework/src/subscription.cpp:1[m[K:
[01m[K/home/user/ros2_teaching/src/homework/include/homework/topic_hw.h:33:59:[m[K [01;31m[Kerror: [m[Kfield â€˜[01m[Krclcpp::Subscription<std_msgs::msg::Int64_<std::allocator<void> > >::SharedPtr subscription::subscription[m[Kâ€™ with same name as class [[01;31m[K]8;;https://gcc.gnu.org/onlinedocs/gcc/Warning-Options.html#index-fpermissive-fpermissive]8;;[m[K]
   33 |     rclcpp::Subscription<std_msgs::msg::Int64>::SharedPtr [01;31m[Ksubscription[m[K;
      |                                                           [01;31m[K^~~~~~~~~~~~[m[K
[01m[K/home/user/ros2_teaching/src/homework/src/subscription.cpp:3:1:[m[K [01;31m[Kerror: [m[KISO C++ forbids declaration of â€˜[01m[Kpublisher[m[Kâ€™ with no type [[01;31m[K]8;;https://gcc.gnu.org/onlinedocs/gcc/Warning-Options.html#index-fpermissive-fpermissive]8;;[m[K]
    3 | [01;31m[Ksubscription[m[K::publisher() : Node("Subscriber"){
      | [01;31m[K^~~~~~~~~~~~[m[K
[01m[K/home/user/ros2_teaching/src/homework/src/subscription.cpp:3:1:[m[K [01;31m[Kerror: [m[Kno declaration matches â€˜[01m[Kint subscription::publisher()[m[Kâ€™
[01m[K/home/user/ros2_teaching/src/homework/src/subscription.cpp:3:1:[m[K [01;36m[Knote: [m[Kno functions named â€˜[01m[Kint subscription::publisher()[m[Kâ€™
In file included from [01m[K/home/user/ros2_teaching/src/homework/src/subscription.cpp:1[m[K:
[01m[K/home/user/ros2_teaching/src/homework/include/homework/topic_hw.h:25:7:[m[K [01;36m[Knote: [m[Kâ€˜[01m[Kclass subscription[m[Kâ€™ defined here
   25 | class [01;36m[Ksubscription[m[K : public rclcpp::Node
      |       [01;36m[K^~~~~~~~~~~~[m[K
[01m[K/home/user/ros2_teaching/src/homework/src/subscription.cpp:[m[K In member function â€˜[01m[Kvoid subscription::topic_callback(const Int64&)[m[Kâ€™:
[01m[K/home/user/ros2_teaching/src/homework/src/subscription.cpp:11:14:[m[K [01;31m[Kerror: [m[Kassignment of member â€˜[01m[Kstd_msgs::msg::Int64_<std::allocator<void> >::data[m[Kâ€™ in read-only object
   11 |     [01;31m[Kmsg.data = i[m[K;
      |     [01;31m[K~~~~~~~~~^~~[m[K
[01m[K/home/user/ros2_teaching/src/homework/src/subscription.cpp:[m[K In function â€˜[01m[Kint main(int, char**)[m[Kâ€™:
[01m[K/home/user/ros2_teaching/src/homework/src/subscription.cpp:18:33:[m[K [01;31m[Kerror: [m[Kâ€˜[01m[KSubscriber[m[Kâ€™ was not declared in this scope
   18 |   rclcpp::spin(std::make_shared<[01;31m[KSubscriber[m[K>());
      |                                 [01;31m[K^~~~~~~~~~[m[K
[01m[K/home/user/ros2_teaching/src/homework/src/subscription.cpp:18:44:[m[K [01;31m[Kerror: [m[Kno matching function for call to â€˜[01m[Kmake_shared<<expression error> >()[m[Kâ€™
   18 |   rclcpp::spin([01;31m[Kstd::make_shared<Subscriber>()[m[K);
      |                [01;31m[K~~~~~~~~~~~~~~~~~~~~~~~~~~~~^~[m[K
In file included from [01m[K/usr/include/c++/11/memory:77[m[K,
                 from [01m[K/opt/ros/humble/include/rclcpp/rclcpp/rclcpp.hpp:153[m[K,
                 from [01m[K/home/user/ros2_teaching/src/homework/include/homework/topic_hw.h:2[m[K,
                 from [01m[K/home/user/ros2_teaching/src/homework/src/subscription.cpp:1[m[K:
[01m[K/usr/include/c++/11/bits/shared_ptr.h:875:5:[m[K [01;36m[Knote: [m[Kcandidate: â€˜[01m[Ktemplate<class _Tp, class ... _Args> std::shared_ptr<_Tp> std::make_shared(_Args&& ...)[m[Kâ€™
  875 |     [01;36m[Kmake_shared[m[K(_Args&&... __args)
      |     [01;36m[K^~~~~~~~~~~[m[K
[01m[K/usr/include/c++/11/bits/shared_ptr.h:875:5:[m[K [01;36m[Knote: [m[K  template argument deduction/substitution failed:
[01m[K/home/user/ros2_teaching/src/homework/src/subscription.cpp:18:44:[m[K [01;31m[Kerror: [m[Ktemplate argument 1 is invalid
   18 |   rclcpp::spin([01;31m[Kstd::make_shared<Subscriber>()[m[K);
      |                [01;31m[K~~~~~~~~~~~~~~~~~~~~~~~~~~~~^~[m[K
gmake[2]: *** [CMakeFiles/Subscriber.dir/build.make:76: CMakeFiles/Subscriber.dir/src/subscription.cpp.o] Error 1
gmake[1]: *** [CMakeFiles/Makefile2:165: CMakeFiles/Subscriber.dir/all] Error 2
gmake[1]: *** Waiting for unfinished jobs....
gmake[2]: *** [CMakeFiles/Publisher.dir/build.make:76: CMakeFiles/Publisher.dir/src/publisher.cpp.o] Error 1
gmake[1]: *** [CMakeFiles/Makefile2:139: CMakeFiles/Publisher.dir/all] Error 2
gmake: *** [Makefile:146: all] Error 2
