[0.012s] Invoking command in '/home/user/ros2_teaching/build/homework': CMAKE_PREFIX_PATH=/opt/ros/humble /usr/bin/cmake /home/user/ros2_teaching/src/homework -DCMAKE_INSTALL_PREFIX=/home/user/ros2_teaching/install/homework
[0.174s] -- The C compiler identification is GNU 11.4.0
[0.266s] -- The CXX compiler identification is GNU 11.4.0
[0.275s] -- Detecting C compiler ABI info
[0.341s] -- Detecting C compiler ABI info - done
[0.348s] -- Check for working C compiler: /usr/bin/cc - skipped
[0.348s] -- Detecting C compile features
[0.349s] -- Detecting C compile features - done
[0.353s] -- Detecting CXX compiler ABI info
[0.436s] -- Detecting CXX compiler ABI info - done
[0.442s] -- Check for working CXX compiler: /usr/bin/c++ - skipped
[0.442s] -- Detecting CXX compile features
[0.442s] -- Detecting CXX compile features - done
[0.469s] -- Found ament_cmake: 1.3.11 (/opt/ros/humble/share/ament_cmake/cmake)
[0.614s] -- Found Python3: /usr/bin/python3 (found version "3.10.12") found components: Interpreter 
[0.725s] -- Found std_msgs: 4.9.0 (/opt/ros/humble/share/std_msgs/cmake)
[0.777s] -- Found rosidl_generator_c: 3.1.6 (/opt/ros/humble/share/rosidl_generator_c/cmake)
[0.784s] -- Found rosidl_adapter: 3.1.6 (/opt/ros/humble/share/rosidl_adapter/cmake)
[0.794s] -- Found rosidl_generator_cpp: 3.1.6 (/opt/ros/humble/share/rosidl_generator_cpp/cmake)
[0.812s] -- Using all available rosidl_typesupport_c: rosidl_typesupport_fastrtps_c;rosidl_typesupport_introspection_c
[0.837s] -- Using all available rosidl_typesupport_cpp: rosidl_typesupport_fastrtps_cpp;rosidl_typesupport_introspection_cpp
[0.867s] -- Found geometry_msgs: 4.9.0 (/opt/ros/humble/share/geometry_msgs/cmake)
[0.882s] -- Found rclcpp: 16.0.12 (/opt/ros/humble/share/rclcpp/cmake)
[0.938s] -- Found rmw_implementation_cmake: 6.1.2 (/opt/ros/humble/share/rmw_implementation_cmake/cmake)
[0.942s] -- Found rmw_fastrtps_cpp: 6.2.7 (/opt/ros/humble/share/rmw_fastrtps_cpp/cmake)
[1.043s] -- Found OpenSSL: /usr/lib/x86_64-linux-gnu/libcrypto.so (found version "3.0.2")  
[1.069s] -- Found FastRTPS: /opt/ros/humble/include  
[1.122s] -- Using RMW implementation 'rmw_fastrtps_cpp' as default
[1.139s] -- Looking for pthread.h
[1.227s] -- Looking for pthread.h - found
[1.227s] -- Performing Test CMAKE_HAVE_LIBC_PTHREAD
[1.296s] -- Performing Test CMAKE_HAVE_LIBC_PTHREAD - Success
[1.296s] -- Found Threads: TRUE  
[1.357s] -- Found ament_lint_auto: 0.12.12 (/opt/ros/humble/share/ament_lint_auto/cmake)
[1.438s] -- Added test 'cppcheck' to perform static code analysis on C / C++ code
[1.438s] -- Configured cppcheck include dirs: /home/user/ros2_teaching/src/homework/include
[1.438s] -- Configured cppcheck exclude dirs and/or files: 
[1.438s] -- Added test 'lint_cmake' to check CMake code style
[1.439s] -- Added test 'uncrustify' to check C / C++ code style
[1.439s] -- Configured uncrustify additional arguments: 
[1.440s] -- Added test 'xmllint' to check XML markup files
[1.442s] -- Configuring done
[1.454s] -- Generating done
[1.460s] -- Build files have been written to: /home/user/ros2_teaching/build/homework
[1.467s] Invoked command in '/home/user/ros2_teaching/build/homework' returned '0': CMAKE_PREFIX_PATH=/opt/ros/humble /usr/bin/cmake /home/user/ros2_teaching/src/homework -DCMAKE_INSTALL_PREFIX=/home/user/ros2_teaching/install/homework
[1.469s] Invoking command in '/home/user/ros2_teaching/build/homework': CMAKE_PREFIX_PATH=/opt/ros/humble /usr/bin/cmake --build /home/user/ros2_teaching/build/homework -- -j8 -l8
[1.509s] [ 50%] [32mBuilding CXX object CMakeFiles/Subscriber.dir/src/subscription.cpp.o[0m
[1.509s] [ 50%] [32mBuilding CXX object CMakeFiles/Publisher.dir/src/publisher.cpp.o[0m
[4.322s] In file included from [01m[K/home/user/ros2_teaching/src/homework/src/publisher.cpp:1[m[K:
[4.322s] [01m[K/home/user/ros2_teaching/src/homework/include/homework/topic_hw.h:33:59:[m[K [01;31m[Kerror: [m[Kfield â€˜[01m[Krclcpp::Subscription<std_msgs::msg::Int64_<std::allocator<void> > >::SharedPtr subscription::subscription[m[Kâ€™ with same name as class [[01;31m[K]8;;https://gcc.gnu.org/onlinedocs/gcc/Warning-Options.html#index-fpermissive-fpermissive]8;;[m[K]
[4.322s]    33 |     rclcpp::Subscription<std_msgs::msg::Int64>::SharedPtr [01;31m[Ksubscription[m[K;
[4.322s]       |                                                           [01;31m[K^~~~~~~~~~~~[m[K
[4.325s] [01m[K/home/user/ros2_teaching/src/homework/src/publisher.cpp:[m[K In constructor â€˜[01m[Kpublisher::publisher()[m[Kâ€™:
[4.325s] [01m[K/home/user/ros2_teaching/src/homework/src/publisher.cpp:6:38:[m[K [01;31m[Kerror: [m[Kunable to find numeric literal operator â€˜[01m[Koperator""ms[m[Kâ€™
[4.325s]     6 |     timer_ = this->create_wall_timer([01;31m[K500ms[m[K, std::bind(&Publisher::timer_callback, this));
[4.325s]       |                                      [01;31m[K^~~~~[m[K
[4.325s] [01m[K/home/user/ros2_teaching/src/homework/src/publisher.cpp:6:56:[m[K [01;31m[Kerror: [m[Kâ€˜[01m[KPublisher[m[Kâ€™ has not been declared
[4.325s]     6 |     timer_ = this->create_wall_timer(500ms, std::bind(&[01;31m[KPublisher[m[K::timer_callback, this));
[4.325s]       |                                                        [01;31m[K^~~~~~~~~[m[K
[4.327s] [01m[K/home/user/ros2_teaching/src/homework/src/publisher.cpp:[m[K In function â€˜[01m[Kint main(int, char**)[m[Kâ€™:
[4.327s] [01m[K/home/user/ros2_teaching/src/homework/src/publisher.cpp:20:33:[m[K [01;31m[Kerror: [m[Kâ€˜[01m[KPublisher[m[Kâ€™ was not declared in this scope
[4.327s]    20 |   rclcpp::spin(std::make_shared<[01;31m[KPublisher[m[K>());
[4.327s]       |                                 [01;31m[K^~~~~~~~~[m[K
[4.328s] [01m[K/home/user/ros2_teaching/src/homework/src/publisher.cpp:20:33:[m[K [01;36m[Knote: [m[Ksuggested alternatives:
[4.328s] In file included from [01m[K/opt/ros/humble/include/rclcpp/rclcpp/topic_statistics/subscription_topic_statistics.hpp:31[m[K,
[4.328s]                  from [01m[K/opt/ros/humble/include/rclcpp/rclcpp/subscription.hpp:50[m[K,
[4.328s]                  from [01m[K/opt/ros/humble/include/rclcpp/rclcpp/any_executable.hpp:25[m[K,
[4.328s]                  from [01m[K/opt/ros/humble/include/rclcpp/rclcpp/memory_strategy.hpp:25[m[K,
[4.328s]                  from [01m[K/opt/ros/humble/include/rclcpp/rclcpp/memory_strategies.hpp:18[m[K,
[4.328s]                  from [01m[K/opt/ros/humble/include/rclcpp/rclcpp/executor_options.hpp:20[m[K,
[4.328s]                  from [01m[K/opt/ros/humble/include/rclcpp/rclcpp/executor.hpp:37[m[K,
[4.328s]                  from [01m[K/opt/ros/humble/include/rclcpp/rclcpp/executors/multi_threaded_executor.hpp:25[m[K,
[4.328s]                  from [01m[K/opt/ros/humble/include/rclcpp/rclcpp/executors.hpp:21[m[K,
[4.328s]                  from [01m[K/opt/ros/humble/include/rclcpp/rclcpp/rclcpp.hpp:155[m[K,
[4.329s]                  from [01m[K/home/user/ros2_teaching/src/homework/include/homework/topic_hw.h:2[m[K,
[4.329s]                  from [01m[K/home/user/ros2_teaching/src/homework/src/publisher.cpp:1[m[K:
[4.329s] [01m[K/opt/ros/humble/include/rclcpp/rclcpp/publisher.hpp:77:7:[m[K [01;36m[Knote: [m[K  â€˜[01m[Krclcpp::Publisher[m[Kâ€™
[4.329s]    77 | class [01;36m[KPublisher[m[K : public PublisherBase
[4.329s]       |       [01;36m[K^~~~~~~~~[m[K
[4.329s] In file included from [01m[K/opt/ros/humble/include/rclcpp/rclcpp/client.hpp:42[m[K,
[4.329s]                  from [01m[K/opt/ros/humble/include/rclcpp/rclcpp/callback_group.hpp:24[m[K,
[4.329s]                  from [01m[K/opt/ros/humble/include/rclcpp/rclcpp/any_executable.hpp:20[m[K,
[4.329s]                  from [01m[K/opt/ros/humble/include/rclcpp/rclcpp/memory_strategy.hpp:25[m[K,
[4.329s]                  from [01m[K/opt/ros/humble/include/rclcpp/rclcpp/memory_strategies.hpp:18[m[K,
[4.329s]                  from [01m[K/opt/ros/humble/include/rclcpp/rclcpp/executor_options.hpp:20[m[K,
[4.329s]                  from [01m[K/opt/ros/humble/include/rclcpp/rclcpp/executor.hpp:37[m[K,
[4.330s]                  from [01m[K/opt/ros/humble/include/rclcpp/rclcpp/executors/multi_threaded_executor.hpp:25[m[K,
[4.330s]                  from [01m[K/opt/ros/humble/include/rclcpp/rclcpp/executors.hpp:21[m[K,
[4.330s]                  from [01m[K/opt/ros/humble/include/rclcpp/rclcpp/rclcpp.hpp:155[m[K,
[4.330s]                  from [01m[K/home/user/ros2_teaching/src/homework/include/homework/topic_hw.h:2[m[K,
[4.330s]                  from [01m[K/home/user/ros2_teaching/src/homework/src/publisher.cpp:1[m[K:
[4.330s] [01m[K/opt/ros/humble/include/rclcpp/rclcpp/node_interfaces/node_graph_interface.hpp:41:3:[m[K [01;36m[Knote: [m[K  â€˜[01m[Krclcpp::EndpointType::Publisher[m[Kâ€™
[4.330s]    41 |   [01;36m[KPublisher[m[K = RMW_ENDPOINT_PUBLISHER,
[4.330s]       |   [01;36m[K^~~~~~~~~[m[K
[4.330s] [01m[K/home/user/ros2_teaching/src/homework/src/publisher.cpp:20:43:[m[K [01;31m[Kerror: [m[Kno matching function for call to â€˜[01m[Kmake_shared<<expression error> >()[m[Kâ€™
[4.330s]    20 |   rclcpp::spin([01;31m[Kstd::make_shared<Publisher>()[m[K);
[4.330s]       |                [01;31m[K~~~~~~~~~~~~~~~~~~~~~~~~~~~^~[m[K
[4.330s] In file included from [01m[K/usr/include/c++/11/memory:77[m[K,
[4.330s]                  from [01m[K/opt/ros/humble/include/rclcpp/rclcpp/rclcpp.hpp:153[m[K,
[4.331s]                  from [01m[K/home/user/ros2_teaching/src/homework/include/homework/topic_hw.h:2[m[K,
[4.331s]                  from [01m[K/home/user/ros2_teaching/src/homework/src/publisher.cpp:1[m[K:
[4.331s] [01m[K/usr/include/c++/11/bits/shared_ptr.h:875:5:[m[K [01;36m[Knote: [m[Kcandidate: â€˜[01m[Ktemplate<class _Tp, class ... _Args> std::shared_ptr<_Tp> std::make_shared(_Args&& ...)[m[Kâ€™
[4.331s]   875 |     [01;36m[Kmake_shared[m[K(_Args&&... __args)
[4.331s]       |     [01;36m[K^~~~~~~~~~~[m[K
[4.331s] [01m[K/usr/include/c++/11/bits/shared_ptr.h:875:5:[m[K [01;36m[Knote: [m[K  template argument deduction/substitution failed:
[4.331s] [01m[K/home/user/ros2_teaching/src/homework/src/publisher.cpp:20:43:[m[K [01;31m[Kerror: [m[Ktemplate argument 1 is invalid
[4.331s]    20 |   rclcpp::spin([01;31m[Kstd::make_shared<Publisher>()[m[K);
[4.331s]       |                [01;31m[K~~~~~~~~~~~~~~~~~~~~~~~~~~~^~[m[K
[4.341s] In file included from [01m[K/home/user/ros2_teaching/src/homework/src/subscription.cpp:1[m[K:
[4.341s] [01m[K/home/user/ros2_teaching/src/homework/include/homework/topic_hw.h:33:59:[m[K [01;31m[Kerror: [m[Kfield â€˜[01m[Krclcpp::Subscription<std_msgs::msg::Int64_<std::allocator<void> > >::SharedPtr subscription::subscription[m[Kâ€™ with same name as class [[01;31m[K]8;;https://gcc.gnu.org/onlinedocs/gcc/Warning-Options.html#index-fpermissive-fpermissive]8;;[m[K]
[4.341s]    33 |     rclcpp::Subscription<std_msgs::msg::Int64>::SharedPtr [01;31m[Ksubscription[m[K;
[4.341s]       |                                                           [01;31m[K^~~~~~~~~~~~[m[K
[4.341s] [01m[K/home/user/ros2_teaching/src/homework/src/subscription.cpp:3:1:[m[K [01;31m[Kerror: [m[KISO C++ forbids declaration of â€˜[01m[Kpublisher[m[Kâ€™ with no type [[01;31m[K]8;;https://gcc.gnu.org/onlinedocs/gcc/Warning-Options.html#index-fpermissive-fpermissive]8;;[m[K]
[4.341s]     3 | [01;31m[Ksubscription[m[K::publisher() : Node("Subscriber"){
[4.341s]       | [01;31m[K^~~~~~~~~~~~[m[K
[4.341s] [01m[K/home/user/ros2_teaching/src/homework/src/subscription.cpp:3:1:[m[K [01;31m[Kerror: [m[Kno declaration matches â€˜[01m[Kint subscription::publisher()[m[Kâ€™
[4.341s] [01m[K/home/user/ros2_teaching/src/homework/src/subscription.cpp:3:1:[m[K [01;36m[Knote: [m[Kno functions named â€˜[01m[Kint subscription::publisher()[m[Kâ€™
[4.341s] In file included from [01m[K/home/user/ros2_teaching/src/homework/src/subscription.cpp:1[m[K:
[4.341s] [01m[K/home/user/ros2_teaching/src/homework/include/homework/topic_hw.h:25:7:[m[K [01;36m[Knote: [m[Kâ€˜[01m[Kclass subscription[m[Kâ€™ defined here
[4.341s]    25 | class [01;36m[Ksubscription[m[K : public rclcpp::Node
[4.341s]       |       [01;36m[K^~~~~~~~~~~~[m[K
[4.341s] [01m[K/home/user/ros2_teaching/src/homework/src/subscription.cpp:[m[K In member function â€˜[01m[Kvoid subscription::topic_callback(const Int64&)[m[Kâ€™:
[4.342s] [01m[K/home/user/ros2_teaching/src/homework/src/subscription.cpp:11:14:[m[K [01;31m[Kerror: [m[Kassignment of member â€˜[01m[Kstd_msgs::msg::Int64_<std::allocator<void> >::data[m[Kâ€™ in read-only object
[4.342s]    11 |     [01;31m[Kmsg.data = i[m[K;
[4.342s]       |     [01;31m[K~~~~~~~~~^~~[m[K
[4.346s] [01m[K/home/user/ros2_teaching/src/homework/src/subscription.cpp:[m[K In function â€˜[01m[Kint main(int, char**)[m[Kâ€™:
[4.346s] [01m[K/home/user/ros2_teaching/src/homework/src/subscription.cpp:18:33:[m[K [01;31m[Kerror: [m[Kâ€˜[01m[KSubscriber[m[Kâ€™ was not declared in this scope
[4.346s]    18 |   rclcpp::spin(std::make_shared<[01;31m[KSubscriber[m[K>());
[4.346s]       |                                 [01;31m[K^~~~~~~~~~[m[K
[4.346s] [01m[K/home/user/ros2_teaching/src/homework/src/subscription.cpp:18:44:[m[K [01;31m[Kerror: [m[Kno matching function for call to â€˜[01m[Kmake_shared<<expression error> >()[m[Kâ€™
[4.346s]    18 |   rclcpp::spin([01;31m[Kstd::make_shared<Subscriber>()[m[K);
[4.346s]       |                [01;31m[K~~~~~~~~~~~~~~~~~~~~~~~~~~~~^~[m[K
[4.346s] In file included from [01m[K/usr/include/c++/11/memory:77[m[K,
[4.346s]                  from [01m[K/opt/ros/humble/include/rclcpp/rclcpp/rclcpp.hpp:153[m[K,
[4.346s]                  from [01m[K/home/user/ros2_teaching/src/homework/include/homework/topic_hw.h:2[m[K,
[4.346s]                  from [01m[K/home/user/ros2_teaching/src/homework/src/subscription.cpp:1[m[K:
[4.346s] [01m[K/usr/include/c++/11/bits/shared_ptr.h:875:5:[m[K [01;36m[Knote: [m[Kcandidate: â€˜[01m[Ktemplate<class _Tp, class ... _Args> std::shared_ptr<_Tp> std::make_shared(_Args&& ...)[m[Kâ€™
[4.346s]   875 |     [01;36m[Kmake_shared[m[K(_Args&&... __args)
[4.346s]       |     [01;36m[K^~~~~~~~~~~[m[K
[4.346s] [01m[K/usr/include/c++/11/bits/shared_ptr.h:875:5:[m[K [01;36m[Knote: [m[K  template argument deduction/substitution failed:
[4.346s] [01m[K/home/user/ros2_teaching/src/homework/src/subscription.cpp:18:44:[m[K [01;31m[Kerror: [m[Ktemplate argument 1 is invalid
[4.346s]    18 |   rclcpp::spin([01;31m[Kstd::make_shared<Subscriber>()[m[K);
[4.346s]       |                [01;31m[K~~~~~~~~~~~~~~~~~~~~~~~~~~~~^~[m[K
[5.052s] gmake[2]: *** [CMakeFiles/Subscriber.dir/build.make:76: CMakeFiles/Subscriber.dir/src/subscription.cpp.o] Error 1
[5.052s] gmake[1]: *** [CMakeFiles/Makefile2:165: CMakeFiles/Subscriber.dir/all] Error 2
[5.052s] gmake[1]: *** Waiting for unfinished jobs....
[5.162s] gmake[2]: *** [CMakeFiles/Publisher.dir/build.make:76: CMakeFiles/Publisher.dir/src/publisher.cpp.o] Error 1
[5.162s] gmake[1]: *** [CMakeFiles/Makefile2:139: CMakeFiles/Publisher.dir/all] Error 2
[5.162s] gmake: *** [Makefile:146: all] Error 2
[5.164s] Invoked command in '/home/user/ros2_teaching/build/homework' returned '2': CMAKE_PREFIX_PATH=/opt/ros/humble /usr/bin/cmake --build /home/user/ros2_teaching/build/homework -- -j8 -l8
