[0.010s] Invoking command in '/home/user/ros2_teaching/build/homework': CMAKE_PREFIX_PATH=/opt/ros/humble /usr/bin/cmake --build /home/user/ros2_teaching/build/homework -- -j8 -l8
[0.047s] [35m[1mConsolidate compiler generated dependencies of target Subscriber[0m
[0.047s] [35m[1mConsolidate compiler generated dependencies of target Publisher[0m
[0.061s] [ 50%] [32mBuilding CXX object CMakeFiles/Publisher.dir/src/publisher.cpp.o[0m
[0.061s] [ 50%] [32mBuilding CXX object CMakeFiles/Subscriber.dir/src/subscription.cpp.o[0m
[2.347s] In file included from [01m[K/home/user/ros2_teaching/src/homework/src/publisher.cpp:1[m[K:
[2.347s] [01m[K/home/user/ros2_teaching/src/homework/include/homework/topic_hw.h:33:59:[m[K [01;31m[Kerror: [m[Kfield â€˜[01m[Krclcpp::Subscription<std_msgs::msg::Int64_<std::allocator<void> > >::SharedPtr subscription::subscription[m[Kâ€™ with same name as class [[01;31m[K]8;;https://gcc.gnu.org/onlinedocs/gcc/Warning-Options.html#index-fpermissive-fpermissive]8;;[m[K]
[2.347s]    33 |     rclcpp::Subscription<std_msgs::msg::Int64>::SharedPtr [01;31m[Ksubscription[m[K;
[2.347s]       |                                                           [01;31m[K^~~~~~~~~~~~[m[K
[2.349s] [01m[K/home/user/ros2_teaching/src/homework/src/publisher.cpp:[m[K In constructor â€˜[01m[Kpublisher::publisher()[m[Kâ€™:
[2.349s] [01m[K/home/user/ros2_teaching/src/homework/src/publisher.cpp:6:38:[m[K [01;31m[Kerror: [m[Kunable to find numeric literal operator â€˜[01m[Koperator""ms[m[Kâ€™
[2.349s]     6 |     timer_ = this->create_wall_timer([01;31m[K500ms[m[K, std::bind(&publisher::timer_callback, this));
[2.349s]       |                                      [01;31m[K^~~~~[m[K
[2.380s] In file included from [01m[K/home/user/ros2_teaching/src/homework/src/subscription.cpp:1[m[K:
[2.380s] [01m[K/home/user/ros2_teaching/src/homework/include/homework/topic_hw.h:33:59:[m[K [01;31m[Kerror: [m[Kfield â€˜[01m[Krclcpp::Subscription<std_msgs::msg::Int64_<std::allocator<void> > >::SharedPtr subscription::subscription[m[Kâ€™ with same name as class [[01;31m[K]8;;https://gcc.gnu.org/onlinedocs/gcc/Warning-Options.html#index-fpermissive-fpermissive]8;;[m[K]
[2.380s]    33 |     rclcpp::Subscription<std_msgs::msg::Int64>::SharedPtr [01;31m[Ksubscription[m[K;
[2.380s]       |                                                           [01;31m[K^~~~~~~~~~~~[m[K
[2.380s] [01m[K/home/user/ros2_teaching/src/homework/src/subscription.cpp:3:1:[m[K [01;31m[Kerror: [m[KISO C++ forbids declaration of â€˜[01m[Kpublisher[m[Kâ€™ with no type [[01;31m[K]8;;https://gcc.gnu.org/onlinedocs/gcc/Warning-Options.html#index-fpermissive-fpermissive]8;;[m[K]
[2.381s]     3 | [01;31m[Ksubscription[m[K::publisher() : Node("Subscriber"){
[2.381s]       | [01;31m[K^~~~~~~~~~~~[m[K
[2.381s] [01m[K/home/user/ros2_teaching/src/homework/src/subscription.cpp:3:1:[m[K [01;31m[Kerror: [m[Kno declaration matches â€˜[01m[Kint subscription::publisher()[m[Kâ€™
[2.381s] [01m[K/home/user/ros2_teaching/src/homework/src/subscription.cpp:3:1:[m[K [01;36m[Knote: [m[Kno functions named â€˜[01m[Kint subscription::publisher()[m[Kâ€™
[2.381s] In file included from [01m[K/home/user/ros2_teaching/src/homework/src/subscription.cpp:1[m[K:
[2.381s] [01m[K/home/user/ros2_teaching/src/homework/include/homework/topic_hw.h:25:7:[m[K [01;36m[Knote: [m[Kâ€˜[01m[Kclass subscription[m[Kâ€™ defined here
[2.381s]    25 | class [01;36m[Ksubscription[m[K : public rclcpp::Node
[2.381s]       |       [01;36m[K^~~~~~~~~~~~[m[K
[2.795s] gmake[2]: *** [CMakeFiles/Subscriber.dir/build.make:76: CMakeFiles/Subscriber.dir/src/subscription.cpp.o] Error 1
[2.795s] gmake[1]: *** [CMakeFiles/Makefile2:165: CMakeFiles/Subscriber.dir/all] Error 2
[2.795s] gmake[1]: *** Waiting for unfinished jobs....
[3.087s] gmake[2]: *** [CMakeFiles/Publisher.dir/build.make:76: CMakeFiles/Publisher.dir/src/publisher.cpp.o] Error 1
[3.087s] gmake[1]: *** [CMakeFiles/Makefile2:139: CMakeFiles/Publisher.dir/all] Error 2
[3.087s] gmake: *** [Makefile:146: all] Error 2
[3.089s] Invoked command in '/home/user/ros2_teaching/build/homework' returned '2': CMAKE_PREFIX_PATH=/opt/ros/humble /usr/bin/cmake --build /home/user/ros2_teaching/build/homework -- -j8 -l8
