[0.012s] Invoking command in '/home/user/ros2_teaching/build/homework': CMAKE_PREFIX_PATH=${CMAKE_PREFIX_PATH}:/opt/ros/humble /usr/bin/cmake --build /home/user/ros2_teaching/build/homework -- -j8 -l8
[0.049s] [35m[1mConsolidate compiler generated dependencies of target Service[0m
[0.049s] [35m[1mConsolidate compiler generated dependencies of target Client[0m
[0.066s] [ 50%] Built target Subscriber
[0.066s] [ 50%] Built target Publisher
[0.067s] [ 75%] [32mBuilding CXX object CMakeFiles/Client.dir/src/client.cpp.o[0m
[0.067s] [ 75%] [32mBuilding CXX object CMakeFiles/Service.dir/src/service.cpp.o[0m
[2.253s] [01m[K/home/user/ros2_teaching/src/homework/src/service.cpp:[m[K In constructor â€˜[01m[Kservice::service()[m[Kâ€™:
[2.253s] [01m[K/home/user/ros2_teaching/src/homework/src/service.cpp:5:86:[m[K [01;31m[Kerror: [m[KISO C++ forbids taking the address of an unqualified or parenthesized non-static member function to form a pointer to member function.  Say â€˜[01m[K&service::response_callback[m[Kâ€™ [[01;31m[K]8;;https://gcc.gnu.org/onlinedocs/gcc/Warning-Options.html#index-fpermissive-fpermissive]8;;[m[K]
[2.253s]     5 |    service_ = this->create_service<interfaces::srv::Distance>("calculate_distance", &[01;31m[Kresponse_callback[m[K, this);
[2.253s]       |                                                                                      [01;31m[K^~~~~~~~~~~~~~~~~[m[K
[2.253s] [01m[K/home/user/ros2_teaching/src/homework/src/service.cpp:5:62:[m[K [01;31m[Kerror: [m[Kno matching function for call to â€˜[01m[Kservice::create_service<interfaces::srv::Distance>(const char [19], void (service::*)(std::shared_ptr<interfaces::srv::Distance_Request_<std::allocator<void> > >, std::shared_ptr<interfaces::srv::Distance_Response_<std::allocator<void> > >), service*)[m[Kâ€™
[2.254s]     5 |    service_ = [01;31m[Kthis->create_service<interfaces::srv::Distance>("calculate_distance", &response_callback, this)[m[K;
[2.254s]       |               [01;31m[K~~~~~~~~~~~~~~~~~~~~~~~~~~~~~~~~~~~~~~~~~~~~~~~^~~~~~~~~~~~~~~~~~~~~~~~~~~~~~~~~~~~~~~~~~~~~~~~[m[K
[2.254s] In file included from [01m[K/opt/ros/humble/include/rclcpp/rclcpp/executors/single_threaded_executor.hpp:28[m[K,
[2.254s]                  from [01m[K/opt/ros/humble/include/rclcpp/rclcpp/executors.hpp:22[m[K,
[2.254s]                  from [01m[K/opt/ros/humble/include/rclcpp/rclcpp/rclcpp.hpp:155[m[K,
[2.254s]                  from [01m[K/home/user/ros2_teaching/src/homework/include/homework/service_hw.h:2[m[K,
[2.254s]                  from [01m[K/home/user/ros2_teaching/src/homework/src/service.cpp:1[m[K:
[2.254s] [01m[K/opt/ros/humble/include/rclcpp/rclcpp/node.hpp:267:3:[m[K [01;36m[Knote: [m[Kcandidate: â€˜[01m[Ktemplate<class ServiceT, class CallbackT> typename rclcpp::Service<ServiceT>::SharedPtr rclcpp::Node::create_service(const string&, CallbackT&&, const rmw_qos_profile_t&, rclcpp::CallbackGroup::SharedPtr)[m[Kâ€™
[2.254s]   267 |   [01;36m[Kcreate_service[m[K(
[2.254s]       |   [01;36m[K^~~~~~~~~~~~~~[m[K
[2.254s] [01m[K/opt/ros/humble/include/rclcpp/rclcpp/node.hpp:267:3:[m[K [01;36m[Knote: [m[K  template argument deduction/substitution failed:
[2.254s] [01m[K/home/user/ros2_teaching/src/homework/src/service.cpp:5:105:[m[K [01;36m[Knote: [m[K  cannot convert â€˜[01m[K(service*)this[m[Kâ€™ (type â€˜[01m[Kservice*[m[Kâ€™) to type â€˜[01m[Kconst rmw_qos_profile_t&[m[Kâ€™ {aka â€˜[01m[Kconst rmw_qos_profile_s&[m[Kâ€™}
[2.254s]     5 |    service_ = this->create_service<interfaces::srv::Distance>("calculate_distance", &response_callback, [01;36m[Kthis[m[K);
[2.254s]       |                                                                                                         [01;36m[K^~~~[m[K
[2.254s] In file included from [01m[K/usr/include/c++/11/pstl/glue_algorithm_defs.h:13[m[K,
[2.254s]                  from [01m[K/usr/include/c++/11/algorithm:74[m[K,
[2.254s]                  from [01m[K/opt/ros/humble/include/rclcpp/rclcpp/executor.hpp:18[m[K,
[2.254s]                  from [01m[K/opt/ros/humble/include/rclcpp/rclcpp/executors/multi_threaded_executor.hpp:25[m[K,
[2.254s]                  from [01m[K/opt/ros/humble/include/rclcpp/rclcpp/executors.hpp:21[m[K,
[2.254s]                  from [01m[K/opt/ros/humble/include/rclcpp/rclcpp/rclcpp.hpp:155[m[K,
[2.254s]                  from [01m[K/home/user/ros2_teaching/src/homework/include/homework/service_hw.h:2[m[K,
[2.254s]                  from [01m[K/home/user/ros2_teaching/src/homework/src/client.cpp:1[m[K:
[2.255s] /usr/include/c++/11/functional: In instantiation of â€˜[01m[Kstruct std::_Bind_check_arity<void (client::*)(std::shared_ptr<interfaces::srv::Distance_Request_<std::allocator<void> > >, std::shared_ptr<interfaces::srv::Distance_Response_<std::allocator<void> > >), client*>[m[Kâ€™:
[2.255s] [01m[K/usr/include/c++/11/functional:768:12:[m[K   required from â€˜[01m[Kstruct std::_Bind_helper<false, void (client::*)(std::shared_ptr<interfaces::srv::Distance_Request_<std::allocator<void> > >, std::shared_ptr<interfaces::srv::Distance_Response_<std::allocator<void> > >), client*>[m[Kâ€™
[2.255s] [01m[K/usr/include/c++/11/functional:789:5:[m[K   required by substitution of â€˜[01m[Ktemplate<class _Func, class ... _BoundArgs> typename std::_Bind_helper<std::__is_socketlike<_Func>::value, _Func, _BoundArgs ...>::type std::bind(_Func&&, _BoundArgs&& ...) [with _Func = void (client::*)(std::shared_ptr<interfaces::srv::Distance_Request_<std::allocator<void> > >, std::shared_ptr<interfaces::srv::Distance_Response_<std::allocator<void> > >); _BoundArgs = {client*}][m[Kâ€™
[2.255s] [01m[K/home/user/ros2_teaching/src/homework/src/client.cpp:6:50:[m[K   required from here
[2.255s] [01m[K/usr/include/c++/11/functional:756:21:[m[K [01;31m[Kerror: [m[Kstatic assertion failed: Wrong number of arguments for pointer-to-member
[2.255s]   755 |       static_assert(_Varargs::[01;31m[Kvalue[m[K
[2.255s]       |                               [01;31m[K~~~~~[m[K
[2.255s]   756 | [01;31m[K                    ? sizeof...(_BoundArgs) >= _Arity::value + 1[m[K
[2.255s]       |                     [01;31m[K^~~~~~~~~~~~~~~~~~~~~~~~~~~~~~~~~~~~~~~~~~~~[m[K
[2.255s]   757 | [01;31m[K                    : sizeof...(_BoundArgs) == _Arity::value + 1[m[K,
[2.255s]       |                     [01;31m[K~~~~~~~~~~~~~~~~~~~~~~~~~~~~~~~~~~~~~~~~~~~~[m[K
[2.255s] [01m[K/usr/include/c++/11/functional:756:21:[m[K [01;36m[Knote: [m[Kâ€˜[01m[K(false ? (1 >= (((long unsigned int)std::integral_constant<long unsigned int, 2>::value) + 1)) : (1 == (((long unsigned int)std::integral_constant<long unsigned int, 2>::value) + 1)))[m[Kâ€™ evaluates to false
[2.259s] [01m[K/home/user/ros2_teaching/src/homework/src/client.cpp:[m[K In constructor â€˜[01m[Kclient::client()[m[Kâ€™:
[2.259s] [01m[K/home/user/ros2_teaching/src/homework/src/client.cpp:6:36:[m[K [01;31m[Kerror: [m[Kno matching function for call to â€˜[01m[Kclient::create_wall_timer(std::chrono::seconds, std::_Bind_helper<false, void (client::*)(std::shared_ptr<interfaces::srv::Distance_Request_<std::allocator<void> > >, std::shared_ptr<interfaces::srv::Distance_Response_<std::allocator<void> > >), client*>::type)[m[Kâ€™
[2.259s]     6 |    timer_ = [01;31m[Kthis->create_wall_timer(1s, std::bind(&client::timer_callback, this))[m[K;
[2.259s]       |             [01;31m[K~~~~~~~~~~~~~~~~~~~~~~~^~~~~~~~~~~~~~~~~~~~~~~~~~~~~~~~~~~~~~~~~~~~~~[m[K
[2.259s] In file included from [01m[K/opt/ros/humble/include/rclcpp/rclcpp/executors/single_threaded_executor.hpp:28[m[K,
[2.259s]                  from [01m[K/opt/ros/humble/include/rclcpp/rclcpp/executors.hpp:22[m[K,
[2.259s]                  from [01m[K/opt/ros/humble/include/rclcpp/rclcpp/rclcpp.hpp:155[m[K,
[2.259s]                  from [01m[K/home/user/ros2_teaching/src/homework/include/homework/service_hw.h:2[m[K,
[2.259s]                  from [01m[K/home/user/ros2_teaching/src/homework/src/client.cpp:1[m[K:
[2.259s] [01m[K/opt/ros/humble/include/rclcpp/rclcpp/node.hpp:238:3:[m[K [01;36m[Knote: [m[Kcandidate: â€˜[01m[Ktemplate<class DurationRepT, class DurationT, class CallbackT> typename rclcpp::WallTimer<CallbackT>::SharedPtr rclcpp::Node::create_wall_timer(std::chrono::duration<_Rep1, _Period1>, CallbackT, rclcpp::CallbackGroup::SharedPtr)[m[Kâ€™
[2.259s]   238 |   [01;36m[Kcreate_wall_timer[m[K(
[2.259s]       |   [01;36m[K^~~~~~~~~~~~~~~~~[m[K
[2.259s] [01m[K/opt/ros/humble/include/rclcpp/rclcpp/node.hpp:238:3:[m[K [01;36m[Knote: [m[K  template argument deduction/substitution failed:
[2.259s] In file included from [01m[K/opt/ros/humble/include/rclcpp/rclcpp/node.hpp:1321[m[K,
[2.259s]                  from [01m[K/opt/ros/humble/include/rclcpp/rclcpp/executors/single_threaded_executor.hpp:28[m[K,
[2.259s]                  from [01m[K/opt/ros/humble/include/rclcpp/rclcpp/executors.hpp:22[m[K,
[2.259s]                  from [01m[K/opt/ros/humble/include/rclcpp/rclcpp/rclcpp.hpp:155[m[K,
[2.259s]                  from [01m[K/home/user/ros2_teaching/src/homework/include/homework/service_hw.h:2[m[K,
[2.259s]                  from [01m[K/home/user/ros2_teaching/src/homework/src/client.cpp:1[m[K:
[2.259s] /opt/ros/humble/include/rclcpp/rclcpp/node_impl.hpp: In substitution of â€˜[01m[Ktemplate<class DurationRepT, class DurationT, class CallbackT> typename rclcpp::WallTimer<CallbackT>::SharedPtr rclcpp::Node::create_wall_timer(std::chrono::duration<_Rep1, _Period1>, CallbackT, rclcpp::CallbackGroup::SharedPtr) [with DurationRepT = long int; DurationT = std::ratio<1>; CallbackT = std::_Bind<void (client::*(client*))(std::shared_ptr<interfaces::srv::Distance_Request_<std::allocator<void> > >, std::shared_ptr<interfaces::srv::Distance_Response_<std::allocator<void> > >)>][m[Kâ€™:
[2.260s] [01m[K/home/user/ros2_teaching/src/homework/src/client.cpp:6:36:[m[K   required from here
[2.260s] [01m[K/opt/ros/humble/include/rclcpp/rclcpp/node_impl.hpp:110:1:[m[K [01;31m[Kerror: [m[Kno type named â€˜[01m[Ktype[m[Kâ€™ in â€˜[01m[Kstruct std::enable_if<false, void>[m[Kâ€™
[2.260s]   110 | [01;31m[KNode[m[K::create_wall_timer(
[2.260s]       | [01;31m[K^~~~[m[K
[2.260s] [01m[K/opt/ros/humble/include/rclcpp/rclcpp/node_impl.hpp:110:1:[m[K [01;31m[Kerror: [m[Kno type named â€˜[01m[Ktype[m[Kâ€™ in â€˜[01m[Kstruct std::enable_if<false, void>[m[Kâ€™
[2.260s] [01m[K/opt/ros/humble/include/rclcpp/rclcpp/node_impl.hpp:110:1:[m[K [01;36m[Knote: [m[Kinvalid template non-type parameter
[2.260s] [01m[K/home/user/ros2_teaching/src/homework/src/client.cpp:[m[K In member function â€˜[01m[Kvoid client::timer_callback(std::shared_ptr<interfaces::srv::Distance_Request_<std::allocator<void> > >, std::shared_ptr<interfaces::srv::Distance_Response_<std::allocator<void> > >)[m[Kâ€™:
[2.260s] [01m[K/home/user/ros2_teaching/src/homework/src/client.cpp:17:19:[m[K [01;31m[Kerror: [m[Kexpected primary-expression before â€˜[01m[K->[m[Kâ€™ token
[2.260s]    17 |     while (!client[01;31m[K->[m[Kwait_for_service(1s)) {
[2.260s]       |                   [01;31m[K^~[m[K
[2.260s] [01m[K/home/user/ros2_teaching/src/homework/src/client.cpp:25:25:[m[K [01;31m[Kerror: [m[Kexpected primary-expression before â€˜[01m[K->[m[Kâ€™ token
[2.260s]    25 |     auto result = client[01;31m[K->[m[Kasync_send_request(request);
[2.260s]       |                         [01;31m[K^~[m[K
[2.673s] gmake[2]: *** [CMakeFiles/Service.dir/build.make:76: CMakeFiles/Service.dir/src/service.cpp.o] Error 1
[2.673s] gmake[1]: *** [CMakeFiles/Makefile2:195: CMakeFiles/Service.dir/all] Error 2
[2.674s] gmake[1]: *** Waiting for unfinished jobs....
[2.766s] gmake[2]: *** [CMakeFiles/Client.dir/build.make:76: CMakeFiles/Client.dir/src/client.cpp.o] Error 1
[2.767s] gmake[1]: *** [CMakeFiles/Makefile2:221: CMakeFiles/Client.dir/all] Error 2
[2.767s] gmake: *** [Makefile:146: all] Error 2
[2.768s] Invoked command in '/home/user/ros2_teaching/build/homework' returned '2': CMAKE_PREFIX_PATH=${CMAKE_PREFIX_PATH}:/opt/ros/humble /usr/bin/cmake --build /home/user/ros2_teaching/build/homework -- -j8 -l8
