[0.010s] Invoking command in '/home/user/ros2_teaching/build/homework': CMAKE_PREFIX_PATH=${CMAKE_PREFIX_PATH}:/opt/ros/humble /usr/bin/cmake --build /home/user/ros2_teaching/build/homework -- -j8 -l8
[0.052s] [35m[1mConsolidate compiler generated dependencies of target Service[0m
[0.052s] [35m[1mConsolidate compiler generated dependencies of target Client[0m
[0.063s] [ 25%] Built target Publisher
[0.065s] [ 50%] Built target Subscriber
[0.065s] [ 62%] [32mBuilding CXX object CMakeFiles/Service.dir/src/service.cpp.o[0m
[0.067s] [ 75%] [32mBuilding CXX object CMakeFiles/Client.dir/src/client.cpp.o[0m
[2.231s] [01m[K/home/user/ros2_teaching/src/homework/src/client.cpp:[m[K In member function â€˜[01m[Kvoid client::timer_callback()[m[Kâ€™:
[2.231s] [01m[K/home/user/ros2_teaching/src/homework/src/client.cpp:20:21:[m[K [01;31m[Kerror: [m[Kâ€˜[01m[Ktemplate<class ServiceT> class rclcpp::Client[m[Kâ€™ used without template arguments
[2.231s]    20 |     while (!rclcpp::[01;31m[KClient[m[K::wait_for_service(1s)) {
[2.231s]       |                     [01;31m[K^~~~~~[m[K
[2.231s] [01m[K/home/user/ros2_teaching/src/homework/src/client.cpp:28:27:[m[K [01;31m[Kerror: [m[Kâ€˜[01m[Ktemplate<class ServiceT> class rclcpp::Client[m[Kâ€™ used without template arguments
[2.231s]    28 |     auto result = rclcpp::[01;31m[KClient[m[K::async_send_request(request);
[2.231s]       |                           [01;31m[K^~~~~~[m[K
[2.231s] [01m[K/home/user/ros2_teaching/src/homework/src/client.cpp:31:51:[m[K [01;31m[Kerror: [m[Kqualified-id in declaration before â€˜[01m[K([m[Kâ€™ token
[2.232s]    31 |     if (rclcpp::Client::spin_until_future_complete[01;31m[K([m[Kthis, result) == rclcpp::FutureReturnCode::SUCCESS)
[2.232s]       |                                                   [01;31m[K^[m[K
[2.802s] gmake[2]: *** [CMakeFiles/Client.dir/build.make:76: CMakeFiles/Client.dir/src/client.cpp.o] Error 1
[2.802s] gmake[1]: *** [CMakeFiles/Makefile2:221: CMakeFiles/Client.dir/all] Error 2
[2.802s] gmake[1]: *** Waiting for unfinished jobs....
[3.200s] [ 87%] [32m[1mLinking CXX executable Service[0m
[3.354s] [ 87%] Built target Service
[3.356s] gmake: *** [Makefile:146: all] Error 2
[3.361s] Invoked command in '/home/user/ros2_teaching/build/homework' returned '2': CMAKE_PREFIX_PATH=${CMAKE_PREFIX_PATH}:/opt/ros/humble /usr/bin/cmake --build /home/user/ros2_teaching/build/homework -- -j8 -l8
