[0.009s] Invoking command in '/home/user/ros2_teaching/build/homework': CMAKE_PREFIX_PATH=/opt/ros/humble /usr/bin/cmake --build /home/user/ros2_teaching/build/homework -- -j8 -l8
[0.048s] [35m[1mConsolidate compiler generated dependencies of target Subscriber[0m
[0.048s] [35m[1mConsolidate compiler generated dependencies of target Publisher[0m
[0.061s] [ 50%] [32mBuilding CXX object CMakeFiles/Publisher.dir/src/publisher.cpp.o[0m
[0.061s] [ 50%] [32mBuilding CXX object CMakeFiles/Subscriber.dir/src/subscription.cpp.o[0m
[2.412s] [01m[K/home/user/ros2_teaching/src/homework/src/publisher.cpp:[m[K In constructor â€˜[01m[Kpub::pub()[m[Kâ€™:
[2.412s] [01m[K/home/user/ros2_teaching/src/homework/src/publisher.cpp:6:37:[m[K [01;31m[Kerror: [m[Kno matching function for call to â€˜[01m[Kpub::create_wall_timer(int, std::_Bind_helper<false, void (pub::*)(), pub*>::type)[m[Kâ€™
[2.412s]     6 |     timer_ = [01;31m[Kthis->create_wall_timer(500, std::bind(&pub::timer_callback, this))[m[K;
[2.413s]       |              [01;31m[K~~~~~~~~~~~~~~~~~~~~~~~^~~~~~~~~~~~~~~~~~~~~~~~~~~~~~~~~~~~~~~~~~~~[m[K
[2.413s] In file included from [01m[K/opt/ros/humble/include/rclcpp/rclcpp/executors/single_threaded_executor.hpp:28[m[K,
[2.413s]                  from [01m[K/opt/ros/humble/include/rclcpp/rclcpp/executors.hpp:22[m[K,
[2.413s]                  from [01m[K/opt/ros/humble/include/rclcpp/rclcpp/rclcpp.hpp:155[m[K,
[2.413s]                  from [01m[K/home/user/ros2_teaching/src/homework/include/homework/topic_hw.h:2[m[K,
[2.413s]                  from [01m[K/home/user/ros2_teaching/src/homework/src/publisher.cpp:1[m[K:
[2.413s] [01m[K/opt/ros/humble/include/rclcpp/rclcpp/node.hpp:238:3:[m[K [01;36m[Knote: [m[Kcandidate: â€˜[01m[Ktemplate<class DurationRepT, class DurationT, class CallbackT> typename rclcpp::WallTimer<CallbackT>::SharedPtr rclcpp::Node::create_wall_timer(std::chrono::duration<_Rep1, _Period1>, CallbackT, rclcpp::CallbackGroup::SharedPtr)[m[Kâ€™
[2.413s]   238 |   [01;36m[Kcreate_wall_timer[m[K(
[2.413s]       |   [01;36m[K^~~~~~~~~~~~~~~~~[m[K
[2.413s] [01m[K/opt/ros/humble/include/rclcpp/rclcpp/node.hpp:238:3:[m[K [01;36m[Knote: [m[K  template argument deduction/substitution failed:
[2.413s] [01m[K/home/user/ros2_teaching/src/homework/src/publisher.cpp:6:37:[m[K [01;36m[Knote: [m[K  mismatched types â€˜[01m[Kstd::chrono::duration<_Rep1, _Period1>[m[Kâ€™ and â€˜[01m[Kint[m[Kâ€™
[2.413s]     6 |     timer_ = [01;36m[Kthis->create_wall_timer(500, std::bind(&pub::timer_callback, this))[m[K;
[2.413s]       |              [01;36m[K~~~~~~~~~~~~~~~~~~~~~~~^~~~~~~~~~~~~~~~~~~~~~~~~~~~~~~~~~~~~~~~~~~~[m[K
[3.147s] gmake[2]: *** [CMakeFiles/Publisher.dir/build.make:76: CMakeFiles/Publisher.dir/src/publisher.cpp.o] Error 1
[3.147s] gmake[1]: *** [CMakeFiles/Makefile2:139: CMakeFiles/Publisher.dir/all] Error 2
[3.147s] gmake[1]: *** Waiting for unfinished jobs....
[7.078s] [ 75%] [32m[1mLinking CXX executable Subscriber[0m
[7.449s] [ 75%] Built target Subscriber
[7.451s] gmake: *** [Makefile:146: all] Error 2
[7.452s] Invoked command in '/home/user/ros2_teaching/build/homework' returned '2': CMAKE_PREFIX_PATH=/opt/ros/humble /usr/bin/cmake --build /home/user/ros2_teaching/build/homework -- -j8 -l8
