[0.009s] Invoking command in '/home/user/ros2_teaching/build/homework': CMAKE_PREFIX_PATH=/opt/ros/humble /usr/bin/cmake --build /home/user/ros2_teaching/build/homework -- -j8 -l8
[0.048s] [35m[1mConsolidate compiler generated dependencies of target Subscriber[0m
[0.048s] [35m[1mConsolidate compiler generated dependencies of target Publisher[0m
[0.062s] [ 25%] [32mBuilding CXX object CMakeFiles/Publisher.dir/src/publisher.cpp.o[0m
[0.062s] [ 50%] [32mBuilding CXX object CMakeFiles/Subscriber.dir/src/subscription.cpp.o[0m
[2.168s] [01m[K/home/user/ros2_teaching/src/homework/src/subscription.cpp:[m[K In constructor â€˜[01m[Ksub::sub()[m[Kâ€™:
[2.169s] [01m[K/home/user/ros2_teaching/src/homework/src/subscription.cpp:5:5:[m[K [01;31m[Kerror: [m[Kâ€˜[01m[Ksubscription_[m[Kâ€™ was not declared in this scope; did you mean â€˜[01m[Ksubscription[m[Kâ€™?
[2.169s]     5 |     [01;31m[Ksubscription_[m[K = this->create_subscription<std_msgs::msg::Int64>("topic", 10, std::bind(&sub::topic_callback, this, _1));
[2.169s]       |     [01;31m[K^~~~~~~~~~~~~[m[K
[2.169s]       |     [32m[Ksubscription[m[K
[2.181s] [01m[K/home/user/ros2_teaching/src/homework/src/publisher.cpp:[m[K In constructor â€˜[01m[Kpub::pub()[m[Kâ€™:
[2.181s] [01m[K/home/user/ros2_teaching/src/homework/src/publisher.cpp:6:37:[m[K [01;31m[Kerror: [m[Kno matching function for call to â€˜[01m[Kpub::create_wall_timer(int, std::_Bind_helper<false, void (pub::*)(), pub*>::type)[m[Kâ€™
[2.181s]     6 |     timer_ = [01;31m[Kthis->create_wall_timer(500, std::bind(&pub::timer_callback, this))[m[K;
[2.181s]       |              [01;31m[K~~~~~~~~~~~~~~~~~~~~~~~^~~~~~~~~~~~~~~~~~~~~~~~~~~~~~~~~~~~~~~~~~~~[m[K
[2.181s] In file included from [01m[K/opt/ros/humble/include/rclcpp/rclcpp/executors/single_threaded_executor.hpp:28[m[K,
[2.181s]                  from [01m[K/opt/ros/humble/include/rclcpp/rclcpp/executors.hpp:22[m[K,
[2.181s]                  from [01m[K/opt/ros/humble/include/rclcpp/rclcpp/rclcpp.hpp:155[m[K,
[2.181s]                  from [01m[K/home/user/ros2_teaching/src/homework/include/homework/topic_hw.h:2[m[K,
[2.181s]                  from [01m[K/home/user/ros2_teaching/src/homework/src/publisher.cpp:1[m[K:
[2.181s] [01m[K/opt/ros/humble/include/rclcpp/rclcpp/node.hpp:238:3:[m[K [01;36m[Knote: [m[Kcandidate: â€˜[01m[Ktemplate<class DurationRepT, class DurationT, class CallbackT> typename rclcpp::WallTimer<CallbackT>::SharedPtr rclcpp::Node::create_wall_timer(std::chrono::duration<_Rep1, _Period1>, CallbackT, rclcpp::CallbackGroup::SharedPtr)[m[Kâ€™
[2.181s]   238 |   [01;36m[Kcreate_wall_timer[m[K(
[2.181s]       |   [01;36m[K^~~~~~~~~~~~~~~~~[m[K
[2.181s] [01m[K/opt/ros/humble/include/rclcpp/rclcpp/node.hpp:238:3:[m[K [01;36m[Knote: [m[K  template argument deduction/substitution failed:
[2.182s] [01m[K/home/user/ros2_teaching/src/homework/src/publisher.cpp:6:37:[m[K [01;36m[Knote: [m[K  mismatched types â€˜[01m[Kstd::chrono::duration<_Rep1, _Period1>[m[Kâ€™ and â€˜[01m[Kint[m[Kâ€™
[2.182s]     6 |     timer_ = [01;36m[Kthis->create_wall_timer(500, std::bind(&pub::timer_callback, this))[m[K;
[2.182s]       |              [01;36m[K~~~~~~~~~~~~~~~~~~~~~~~^~~~~~~~~~~~~~~~~~~~~~~~~~~~~~~~~~~~~~~~~~~~[m[K
[2.903s] gmake[2]: *** [CMakeFiles/Publisher.dir/build.make:76: CMakeFiles/Publisher.dir/src/publisher.cpp.o] Error 1
[2.903s] gmake[1]: *** [CMakeFiles/Makefile2:139: CMakeFiles/Publisher.dir/all] Error 2
[2.903s] gmake[1]: *** Waiting for unfinished jobs....
[4.126s] gmake[2]: *** [CMakeFiles/Subscriber.dir/build.make:76: CMakeFiles/Subscriber.dir/src/subscription.cpp.o] Error 1
[4.127s] gmake[1]: *** [CMakeFiles/Makefile2:165: CMakeFiles/Subscriber.dir/all] Error 2
[4.127s] gmake: *** [Makefile:146: all] Error 2
[4.132s] Invoked command in '/home/user/ros2_teaching/build/homework' returned '2': CMAKE_PREFIX_PATH=/opt/ros/humble /usr/bin/cmake --build /home/user/ros2_teaching/build/homework -- -j8 -l8
