[01m[K/home/user/ros2_teaching/src/homework/src/client.cpp:[m[K In member function â€˜[01m[Kvoid client::timer_callback()[m[Kâ€™:
[01m[K/home/user/ros2_teaching/src/homework/src/client.cpp:30:16:[m[K [01;31m[Kerror: [m[Kâ€˜[01m[Kresult[m[Kâ€™ was not declared in this scope
   30 |     response = [01;31m[Kresult[m[K.get();
      |                [01;31m[K^~~~~~[m[K
gmake[2]: *** [CMakeFiles/Client.dir/build.make:76: CMakeFiles/Client.dir/src/client.cpp.o] Error 1
gmake[1]: *** [CMakeFiles/Makefile2:221: CMakeFiles/Client.dir/all] Error 2
gmake: *** [Makefile:146: all] Error 2
