[0.012s] Invoking command in '/home/user/ros2_teaching/build/homework': CMAKE_PREFIX_PATH=${CMAKE_PREFIX_PATH}:/opt/ros/humble /usr/bin/cmake --build /home/user/ros2_teaching/build/homework -- -j8 -l8
[0.050s] [35m[1mConsolidate compiler generated dependencies of target Client[0m
[0.063s] [ 75%] Built target Subscriber
[0.063s] [ 75%] Built target Service
[0.063s] [ 75%] Built target Publisher
[0.066s] [ 87%] [32mBuilding CXX object CMakeFiles/Client.dir/src/client.cpp.o[0m
[2.014s] [01m[K/home/user/ros2_teaching/src/homework/src/client.cpp:[m[K In member function â€˜[01m[Kvoid client::timer_callback()[m[Kâ€™:
[2.014s] [01m[K/home/user/ros2_teaching/src/homework/src/client.cpp:30:16:[m[K [01;31m[Kerror: [m[Kâ€˜[01m[Kresult[m[Kâ€™ was not declared in this scope
[2.014s]    30 |     response = [01;31m[Kresult[m[K.get();
[2.015s]       |                [01;31m[K^~~~~~[m[K
[2.544s] gmake[2]: *** [CMakeFiles/Client.dir/build.make:76: CMakeFiles/Client.dir/src/client.cpp.o] Error 1
[2.544s] gmake[1]: *** [CMakeFiles/Makefile2:221: CMakeFiles/Client.dir/all] Error 2
[2.544s] gmake: *** [Makefile:146: all] Error 2
[2.546s] Invoked command in '/home/user/ros2_teaching/build/homework' returned '2': CMAKE_PREFIX_PATH=${CMAKE_PREFIX_PATH}:/opt/ros/humble /usr/bin/cmake --build /home/user/ros2_teaching/build/homework -- -j8 -l8
