[0.010s] Invoking command in '/home/user/ros2_teaching/build/homework': CMAKE_PREFIX_PATH=${CMAKE_PREFIX_PATH}:/opt/ros/humble /usr/bin/cmake --build /home/user/ros2_teaching/build/homework -- -j8 -l8
[0.051s] [35m[1mConsolidate compiler generated dependencies of target Client[0m
[0.051s] [35m[1mConsolidate compiler generated dependencies of target Service[0m
[0.065s] [ 37%] [32mBuilding CXX object CMakeFiles/Service.dir/src/service.cpp.o[0m
[0.065s] [ 37%] Built target Subscriber
[0.065s] [ 62%] [32mBuilding CXX object CMakeFiles/Client.dir/src/client.cpp.o[0m
[0.066s] [ 75%] Built target Publisher
[2.302s] In file included from [01m[K/usr/include/c++/11/pstl/glue_algorithm_defs.h:13[m[K,
[2.302s]                  from [01m[K/usr/include/c++/11/algorithm:74[m[K,
[2.303s]                  from [01m[K/opt/ros/humble/include/rclcpp/rclcpp/executor.hpp:18[m[K,
[2.303s]                  from [01m[K/opt/ros/humble/include/rclcpp/rclcpp/executors/multi_threaded_executor.hpp:25[m[K,
[2.303s]                  from [01m[K/opt/ros/humble/include/rclcpp/rclcpp/executors.hpp:21[m[K,
[2.303s]                  from [01m[K/opt/ros/humble/include/rclcpp/rclcpp/rclcpp.hpp:155[m[K,
[2.303s]                  from [01m[K/home/user/ros2_teaching/src/homework/include/homework/service_hw.h:2[m[K,
[2.303s]                  from [01m[K/home/user/ros2_teaching/src/homework/src/client.cpp:1[m[K:
[2.303s] /usr/include/c++/11/functional: In instantiation of â€˜[01m[Kstruct std::_Bind_check_arity<void (client::*)(std::shared_ptr<interfaces::srv::Distance_Request_<std::allocator<void> > >, std::shared_ptr<interfaces::srv::Distance_Response_<std::allocator<void> > >), client*>[m[Kâ€™:
[2.303s] [01m[K/usr/include/c++/11/functional:768:12:[m[K   required from â€˜[01m[Kstruct std::_Bind_helper<false, void (client::*)(std::shared_ptr<interfaces::srv::Distance_Request_<std::allocator<void> > >, std::shared_ptr<interfaces::srv::Distance_Response_<std::allocator<void> > >), client*>[m[Kâ€™
[2.303s] [01m[K/usr/include/c++/11/functional:789:5:[m[K   required by substitution of â€˜[01m[Ktemplate<class _Func, class ... _BoundArgs> typename std::_Bind_helper<std::__is_socketlike<_Func>::value, _Func, _BoundArgs ...>::type std::bind(_Func&&, _BoundArgs&& ...) [with _Func = void (client::*)(std::shared_ptr<interfaces::srv::Distance_Request_<std::allocator<void> > >, std::shared_ptr<interfaces::srv::Distance_Response_<std::allocator<void> > >); _BoundArgs = {client*}][m[Kâ€™
[2.303s] [01m[K/home/user/ros2_teaching/src/homework/src/client.cpp:6:53:[m[K   required from here
[2.303s] [01m[K/usr/include/c++/11/functional:756:21:[m[K [01;31m[Kerror: [m[Kstatic assertion failed: Wrong number of arguments for pointer-to-member
[2.303s]   755 |       static_assert(_Varargs::[01;31m[Kvalue[m[K
[2.303s]       |                               [01;31m[K~~~~~[m[K
[2.303s]   756 | [01;31m[K                    ? sizeof...(_BoundArgs) >= _Arity::value + 1[m[K
[2.303s]       |                     [01;31m[K^~~~~~~~~~~~~~~~~~~~~~~~~~~~~~~~~~~~~~~~~~~~[m[K
[2.303s]   757 | [01;31m[K                    : sizeof...(_BoundArgs) == _Arity::value + 1[m[K,
[2.303s]       |                     [01;31m[K~~~~~~~~~~~~~~~~~~~~~~~~~~~~~~~~~~~~~~~~~~~~[m[K
[2.303s] [01m[K/usr/include/c++/11/functional:756:21:[m[K [01;36m[Knote: [m[Kâ€˜[01m[K(false ? (1 >= (((long unsigned int)std::integral_constant<long unsigned int, 2>::value) + 1)) : (1 == (((long unsigned int)std::integral_constant<long unsigned int, 2>::value) + 1)))[m[Kâ€™ evaluates to false
[2.306s] [01m[K/home/user/ros2_teaching/src/homework/src/client.cpp:[m[K In constructor â€˜[01m[Kclient::client()[m[Kâ€™:
[2.306s] [01m[K/home/user/ros2_teaching/src/homework/src/client.cpp:6:36:[m[K [01;31m[Kerror: [m[Kno matching function for call to â€˜[01m[Kclient::create_wall_timer(std::chrono::milliseconds, std::_Bind_helper<false, void (client::*)(std::shared_ptr<interfaces::srv::Distance_Request_<std::allocator<void> > >, std::shared_ptr<interfaces::srv::Distance_Response_<std::allocator<void> > >), client*>::type)[m[Kâ€™
[2.306s]     6 |    timer_ = [01;31m[Kthis->create_wall_timer(500ms, std::bind(&client::timer_callback, this))[m[K;
[2.306s]       |             [01;31m[K~~~~~~~~~~~~~~~~~~~~~~~^~~~~~~~~~~~~~~~~~~~~~~~~~~~~~~~~~~~~~~~~~~~~~~~~[m[K
[2.306s] In file included from [01m[K/opt/ros/humble/include/rclcpp/rclcpp/executors/single_threaded_executor.hpp:28[m[K,
[2.306s]                  from [01m[K/opt/ros/humble/include/rclcpp/rclcpp/executors.hpp:22[m[K,
[2.306s]                  from [01m[K/opt/ros/humble/include/rclcpp/rclcpp/rclcpp.hpp:155[m[K,
[2.306s]                  from [01m[K/home/user/ros2_teaching/src/homework/include/homework/service_hw.h:2[m[K,
[2.307s]                  from [01m[K/home/user/ros2_teaching/src/homework/src/client.cpp:1[m[K:
[2.307s] [01m[K/opt/ros/humble/include/rclcpp/rclcpp/node.hpp:238:3:[m[K [01;36m[Knote: [m[Kcandidate: â€˜[01m[Ktemplate<class DurationRepT, class DurationT, class CallbackT> typename rclcpp::WallTimer<CallbackT>::SharedPtr rclcpp::Node::create_wall_timer(std::chrono::duration<_Rep1, _Period1>, CallbackT, rclcpp::CallbackGroup::SharedPtr)[m[Kâ€™
[2.307s]   238 |   [01;36m[Kcreate_wall_timer[m[K(
[2.307s]       |   [01;36m[K^~~~~~~~~~~~~~~~~[m[K
[2.307s] [01m[K/opt/ros/humble/include/rclcpp/rclcpp/node.hpp:238:3:[m[K [01;36m[Knote: [m[K  template argument deduction/substitution failed:
[2.307s] In file included from [01m[K/opt/ros/humble/include/rclcpp/rclcpp/node.hpp:1321[m[K,
[2.307s]                  from [01m[K/opt/ros/humble/include/rclcpp/rclcpp/executors/single_threaded_executor.hpp:28[m[K,
[2.307s]                  from [01m[K/opt/ros/humble/include/rclcpp/rclcpp/executors.hpp:22[m[K,
[2.307s]                  from [01m[K/opt/ros/humble/include/rclcpp/rclcpp/rclcpp.hpp:155[m[K,
[2.307s]                  from [01m[K/home/user/ros2_teaching/src/homework/include/homework/service_hw.h:2[m[K,
[2.307s]                  from [01m[K/home/user/ros2_teaching/src/homework/src/client.cpp:1[m[K:
[2.307s] /opt/ros/humble/include/rclcpp/rclcpp/node_impl.hpp: In substitution of â€˜[01m[Ktemplate<class DurationRepT, class DurationT, class CallbackT> typename rclcpp::WallTimer<CallbackT>::SharedPtr rclcpp::Node::create_wall_timer(std::chrono::duration<_Rep1, _Period1>, CallbackT, rclcpp::CallbackGroup::SharedPtr) [with DurationRepT = long int; DurationT = std::ratio<1, 1000>; CallbackT = std::_Bind<void (client::*(client*))(std::shared_ptr<interfaces::srv::Distance_Request_<std::allocator<void> > >, std::shared_ptr<interfaces::srv::Distance_Response_<std::allocator<void> > >)>][m[Kâ€™:
[2.307s] [01m[K/home/user/ros2_teaching/src/homework/src/client.cpp:6:36:[m[K   required from here
[2.307s] [01m[K/opt/ros/humble/include/rclcpp/rclcpp/node_impl.hpp:110:1:[m[K [01;31m[Kerror: [m[Kno type named â€˜[01m[Ktype[m[Kâ€™ in â€˜[01m[Kstruct std::enable_if<false, void>[m[Kâ€™
[2.307s]   110 | [01;31m[KNode[m[K::create_wall_timer(
[2.307s]       | [01;31m[K^~~~[m[K
[2.307s] [01m[K/opt/ros/humble/include/rclcpp/rclcpp/node_impl.hpp:110:1:[m[K [01;31m[Kerror: [m[Kno type named â€˜[01m[Ktype[m[Kâ€™ in â€˜[01m[Kstruct std::enable_if<false, void>[m[Kâ€™
[2.307s] [01m[K/opt/ros/humble/include/rclcpp/rclcpp/node_impl.hpp:110:1:[m[K [01;36m[Knote: [m[Kinvalid template non-type parameter
[2.307s] [01m[K/home/user/ros2_teaching/src/homework/src/client.cpp:[m[K In member function â€˜[01m[Kvoid client::timer_callback(std::shared_ptr<interfaces::srv::Distance_Request_<std::allocator<void> > >, std::shared_ptr<interfaces::srv::Distance_Response_<std::allocator<void> > >)[m[Kâ€™:
[2.307s] [01m[K/home/user/ros2_teaching/src/homework/src/client.cpp:18:19:[m[K [01;31m[Kerror: [m[Kâ€˜[01m[Kclass client[m[Kâ€™ has no member named â€˜[01m[Kwait_for_service[m[Kâ€™
[2.307s]    18 |     while (!this->[01;31m[Kwait_for_service[m[K(1s)) {
[2.307s]       |                   [01;31m[K^~~~~~~~~~~~~~~~[m[K
[2.314s] In file included from [01m[K/usr/include/c++/11/pstl/glue_algorithm_defs.h:13[m[K,
[2.314s]                  from [01m[K/usr/include/c++/11/algorithm:74[m[K,
[2.314s]                  from [01m[K/opt/ros/humble/include/rclcpp/rclcpp/executor.hpp:18[m[K,
[2.314s]                  from [01m[K/opt/ros/humble/include/rclcpp/rclcpp/executors/multi_threaded_executor.hpp:25[m[K,
[2.314s]                  from [01m[K/opt/ros/humble/include/rclcpp/rclcpp/executors.hpp:21[m[K,
[2.314s]                  from [01m[K/opt/ros/humble/include/rclcpp/rclcpp/rclcpp.hpp:155[m[K,
[2.314s]                  from [01m[K/home/user/ros2_teaching/src/homework/include/homework/service_hw.h:2[m[K,
[2.314s]                  from [01m[K/home/user/ros2_teaching/src/homework/src/service.cpp:1[m[K:
[2.314s] /usr/include/c++/11/functional: In instantiation of â€˜[01m[Kstruct std::_Bind_check_arity<void (service::*)(std::shared_ptr<interfaces::srv::Distance_Request_<std::allocator<void> > >, std::shared_ptr<interfaces::srv::Distance_Response_<std::allocator<void> > >), service*, const std::_Placeholder<1>&>[m[Kâ€™:
[2.314s] [01m[K/usr/include/c++/11/functional:768:12:[m[K   required from â€˜[01m[Kstruct std::_Bind_helper<false, void (service::*)(std::shared_ptr<interfaces::srv::Distance_Request_<std::allocator<void> > >, std::shared_ptr<interfaces::srv::Distance_Response_<std::allocator<void> > >), service*, const std::_Placeholder<1>&>[m[Kâ€™
[2.314s] [01m[K/usr/include/c++/11/functional:789:5:[m[K   required by substitution of â€˜[01m[Ktemplate<class _Func, class ... _BoundArgs> typename std::_Bind_helper<std::__is_socketlike<_Func>::value, _Func, _BoundArgs ...>::type std::bind(_Func&&, _BoundArgs&& ...) [with _Func = void (service::*)(std::shared_ptr<interfaces::srv::Distance_Request_<std::allocator<void> > >, std::shared_ptr<interfaces::srv::Distance_Response_<std::allocator<void> > >); _BoundArgs = {service*, const std::_Placeholder<1>&}][m[Kâ€™
[2.314s] [01m[K/home/user/ros2_teaching/src/homework/src/service.cpp:5:98:[m[K   required from here
[2.314s] [01m[K/usr/include/c++/11/functional:756:21:[m[K [01;31m[Kerror: [m[Kstatic assertion failed: Wrong number of arguments for pointer-to-member
[2.314s]   755 |       static_assert(_Varargs::[01;31m[Kvalue[m[K
[2.314s]       |                               [01;31m[K~~~~~[m[K
[2.314s]   756 | [01;31m[K                    ? sizeof...(_BoundArgs) >= _Arity::value + 1[m[K
[2.314s]       |                     [01;31m[K^~~~~~~~~~~~~~~~~~~~~~~~~~~~~~~~~~~~~~~~~~~~[m[K
[2.314s]   757 | [01;31m[K                    : sizeof...(_BoundArgs) == _Arity::value + 1[m[K,
[2.314s]       |                     [01;31m[K~~~~~~~~~~~~~~~~~~~~~~~~~~~~~~~~~~~~~~~~~~~~[m[K
[2.315s] [01m[K/usr/include/c++/11/functional:756:21:[m[K [01;36m[Knote: [m[Kâ€˜[01m[K(false ? (2 >= (((long unsigned int)std::integral_constant<long unsigned int, 2>::value) + 1)) : (2 == (((long unsigned int)std::integral_constant<long unsigned int, 2>::value) + 1)))[m[Kâ€™ evaluates to false
[2.315s] [01m[K/home/user/ros2_teaching/src/homework/src/client.cpp:26:19:[m[K [01;31m[Kerror: [m[Kâ€˜[01m[Kasync_send_request[m[Kâ€™ was not declared in this scope; did you mean â€˜[01m[Krmw_send_request[m[Kâ€™?
[2.315s]    26 |     auto result = [01;31m[Kasync_send_request[m[K(request);
[2.315s]       |                   [01;31m[K^~~~~~~~~~~~~~~~~~[m[K
[2.315s]       |                   [32m[Krmw_send_request[m[K
[2.317s] [01m[K/home/user/ros2_teaching/src/homework/src/service.cpp:[m[K In constructor â€˜[01m[Kservice::service()[m[Kâ€™:
[2.317s] [01m[K/home/user/ros2_teaching/src/homework/src/service.cpp:5:62:[m[K [01;31m[Kerror: [m[Kno matching function for call to â€˜[01m[Kservice::create_service<interfaces::srv::Distance>(const char [19], int, std::_Bind_helper<false, void (service::*)(std::shared_ptr<interfaces::srv::Distance_Request_<std::allocator<void> > >, std::shared_ptr<interfaces::srv::Distance_Response_<std::allocator<void> > >), service*, const std::_Placeholder<1>&>::type)[m[Kâ€™
[2.317s]     5 |    service_ = [01;31m[Kthis->create_service<interfaces::srv::Distance>("calculate_distance", 10, std::bind(&service::response_callback, this, _1))[m[K;
[2.317s]       |               [01;31m[K~~~~~~~~~~~~~~~~~~~~~~~~~~~~~~~~~~~~~~~~~~~~~~~^~~~~~~~~~~~~~~~~~~~~~~~~~~~~~~~~~~~~~~~~~~~~~~~~~~~~~~~~~~~~~~~~~~~~~~~~~~~[m[K
[2.317s] In file included from [01m[K/opt/ros/humble/include/rclcpp/rclcpp/executors/single_threaded_executor.hpp:28[m[K,
[2.317s]                  from [01m[K/opt/ros/humble/include/rclcpp/rclcpp/executors.hpp:22[m[K,
[2.317s]                  from [01m[K/opt/ros/humble/include/rclcpp/rclcpp/rclcpp.hpp:155[m[K,
[2.317s]                  from [01m[K/home/user/ros2_teaching/src/homework/include/homework/service_hw.h:2[m[K,
[2.317s]                  from [01m[K/home/user/ros2_teaching/src/homework/src/service.cpp:1[m[K:
[2.317s] [01m[K/opt/ros/humble/include/rclcpp/rclcpp/node.hpp:267:3:[m[K [01;36m[Knote: [m[Kcandidate: â€˜[01m[Ktemplate<class ServiceT, class CallbackT> typename rclcpp::Service<ServiceT>::SharedPtr rclcpp::Node::create_service(const string&, CallbackT&&, const rmw_qos_profile_t&, rclcpp::CallbackGroup::SharedPtr)[m[Kâ€™
[2.318s]   267 |   [01;36m[Kcreate_service[m[K(
[2.318s]       |   [01;36m[K^~~~~~~~~~~~~~[m[K
[2.318s] [01m[K/opt/ros/humble/include/rclcpp/rclcpp/node.hpp:267:3:[m[K [01;36m[Knote: [m[K  template argument deduction/substitution failed:
[2.318s] [01m[K/home/user/ros2_teaching/src/homework/src/service.cpp:5:98:[m[K [01;36m[Knote: [m[K  cannot convert â€˜[01m[Kstd::bind(_Func&&, _BoundArgs&& ...) [with _Func = void (service::*)(std::shared_ptr<interfaces::srv::Distance_Request_<std::allocator<void> > >, std::shared_ptr<interfaces::srv::Distance_Response_<std::allocator<void> > >); _BoundArgs = {service*, const std::_Placeholder<1>&}; typename std::_Bind_helper<std::__is_socketlike<_Func>::value, _Func, _BoundArgs ...>::type = std::_Bind_helper<false, void (service::*)(std::shared_ptr<interfaces::srv::Distance_Request_<std::allocator<void> > >, std::shared_ptr<interfaces::srv::Distance_Response_<std::allocator<void> > >), service*, const std::_Placeholder<1>&>::type; std::__is_socketlike<_Func> = std::__is_socketlike<void (service::*)(std::shared_ptr<interfaces::srv::Distance_Request_<std::allocator<void> > >, std::shared_ptr<interfaces::srv::Distance_Response_<std::allocator<void> > >), void (service::*)(std::shared_ptr<interfaces::srv::Distance_Request_<std::allocator<void> > >, std::shared_ptr<interfaces::srv::Distance_Response_<std::allocator<void> > >)>; typename std::decay<_Tp>::type = void (service::*)(std::shared_ptr<interfaces::srv::Distance_Request_<std::allocator<void> > >, std::shared_ptr<interfaces::srv::Distance_Response_<std::allocator<void> > >)](((service*)this), std::placeholders::_1)[m[Kâ€™ (type â€˜[01m[Kstd::_Bind_helper<false, void (service::*)(std::shared_ptr<interfaces::srv::Distance_Request_<std::allocator<void> > >, std::shared_ptr<interfaces::srv::Distance_Response_<std::allocator<void> > >), service*, const std::_Placeholder<1>&>::type[m[Kâ€™) to type â€˜[01m[Kconst rmw_qos_profile_t&[m[Kâ€™ {aka â€˜[01m[Kconst rmw_qos_profile_s&[m[Kâ€™}
[2.318s]     5 |    service_ = this->create_service<interfaces::srv::Distance>("calculate_distance", 10, [01;36m[Kstd::bind(&service::response_callback, this, _1)[m[K);
[2.318s]       |                                                                                         [01;36m[K~~~~~~~~~^~~~~~~~~~~~~~~~~~~~~~~~~~~~~~~~~~~~~~~[m[K
[2.735s] gmake[2]: *** [CMakeFiles/Service.dir/build.make:76: CMakeFiles/Service.dir/src/service.cpp.o] Error 1
[2.737s] gmake[1]: *** [CMakeFiles/Makefile2:195: CMakeFiles/Service.dir/all] Error 2
[2.738s] gmake[1]: *** Waiting for unfinished jobs....
[2.817s] gmake[2]: *** [CMakeFiles/Client.dir/build.make:76: CMakeFiles/Client.dir/src/client.cpp.o] Error 1
[2.817s] gmake[1]: *** [CMakeFiles/Makefile2:221: CMakeFiles/Client.dir/all] Error 2
[2.817s] gmake: *** [Makefile:146: all] Error 2
[2.819s] Invoked command in '/home/user/ros2_teaching/build/homework' returned '2': CMAKE_PREFIX_PATH=${CMAKE_PREFIX_PATH}:/opt/ros/humble /usr/bin/cmake --build /home/user/ros2_teaching/build/homework -- -j8 -l8
